[DEBUG] [2021-05-11 11:15] testsqlSession()
[DEBUG] [2021-05-11 11:15] session org.apache.ibatis.session.defaults.DefaultSqlSession@16c63f5
[DEBUG] [2021-05-11 11:15] testDataSource()
[DEBUG] [2021-05-11 11:15] DataSource HikariDataSource (HikariPool-1)
[DEBUG] [2021-05-11 11:15] LoginTimeout 30
[DEBUG] [2021-05-11 11:17] testsqlSession()
[DEBUG] [2021-05-11 11:17] session org.apache.ibatis.session.defaults.DefaultSqlSession@45fd9a4d
[DEBUG] [2021-05-11 11:17] testDataSource()
[DEBUG] [2021-05-11 11:17] DataSource HikariDataSource (HikariPool-1)
[DEBUG] [2021-05-11 11:17] LoginTimeout 30
[DEBUG] [2021-05-11 13:49] testselectStudentById()
[DEBUG] [2021-05-11 13:49] ==>  Preparing: select stud_id as studId, name, email, dob, phone from students where stud_id=?
[DEBUG] [2021-05-11 13:49] ==> Parameters: 1(Integer)
[TRACE] [2021-05-11 13:49] <==    Columns: studId, name, email, dob, phone
[TRACE] [2021-05-11 13:49] <==        Row: 1, Timothy, timothy@gmail.com, 1988-04-25, 123-123-1234
[DEBUG] [2021-05-11 13:49] <==      Total: 1
[DEBUG] [2021-05-11 13:49] Student [1, Timothy, timothy@gmail.com, Mon Apr 25 00:00:00 KST 1988, null]
[DEBUG] [2021-05-11 14:06] testselectStudentById()
[DEBUG] [2021-05-11 14:06] ==>  Preparing: select stud_id as studId, name, email, dob, phone from students where stud_id=?
[DEBUG] [2021-05-11 14:06] ==> Parameters: 1(Integer)
[TRACE] [2021-05-11 14:06] <==    Columns: studId, name, email, dob, phone
[TRACE] [2021-05-11 14:06] <==        Row: 1, Timothy, timothy@gmail.com, 1988-04-25, 123-123-1234
[DEBUG] [2021-05-11 14:06] <==      Total: 1
[DEBUG] [2021-05-11 14:06] Student [1, Timothy, timothy@gmail.com, Mon Apr 25 00:00:00 KST 1988, null]
[DEBUG] [2021-05-11 14:07] testDataSource()
[DEBUG] [2021-05-11 14:07] DataSource HikariDataSource (HikariPool-1)
[DEBUG] [2021-05-11 14:07] LoginTimeout 30
[DEBUG] [2021-05-11 14:07] testsqlSession()
[DEBUG] [2021-05-11 14:07] session org.apache.ibatis.session.defaults.DefaultSqlSession@3bc4be5d
[DEBUG] [2021-05-11 14:08] testDataSource()
[DEBUG] [2021-05-11 14:08] DataSource HikariDataSource (HikariPool-1)
[DEBUG] [2021-05-11 14:08] LoginTimeout 30
[DEBUG] [2021-05-11 14:08] testsqlSession()
[DEBUG] [2021-05-11 14:08] session org.apache.ibatis.session.defaults.DefaultSqlSession@3bc4be5d
[DEBUG] [2021-05-11 14:16] testselectStudentById()
[DEBUG] [2021-05-11 14:16] ==>  Preparing: select stud_id as studId, name, email, dob, phone from students where stud_id=?
[DEBUG] [2021-05-11 14:16] ==> Parameters: 1(Integer)
[TRACE] [2021-05-11 14:16] <==    Columns: studId, name, email, dob, phone
[TRACE] [2021-05-11 14:16] <==        Row: 1, Timothy, timothy@gmail.com, 1988-04-25, 123-123-1234
[DEBUG] [2021-05-11 14:16] <==      Total: 1
[DEBUG] [2021-05-11 14:16] Student [1, Timothy, timothy@gmail.com, Mon Apr 25 00:00:00 KST 1988, null]
[DEBUG] [2021-05-11 14:24] testDataSource()
[DEBUG] [2021-05-11 14:24] DataSource HikariDataSource (HikariPool-1)
[DEBUG] [2021-05-11 14:24] LoginTimeout 30
[DEBUG] [2021-05-11 14:24] testsqlSession()
[DEBUG] [2021-05-11 14:24] session org.apache.ibatis.session.defaults.DefaultSqlSession@53fbde75
[DEBUG] [2021-05-11 14:24] testselectStudentById()
[DEBUG] [2021-05-11 14:24] ==>  Preparing: select stud_id as studId, name, email, dob, phone from students where stud_id=?
[DEBUG] [2021-05-11 14:24] ==> Parameters: 1(Integer)
[TRACE] [2021-05-11 14:24] <==    Columns: studId, name, email, dob, phone
[TRACE] [2021-05-11 14:24] <==        Row: 1, Timothy, timothy@gmail.com, 1988-04-25, 123-123-1234
[DEBUG] [2021-05-11 14:24] <==      Total: 1
[DEBUG] [2021-05-11 14:24] Student [1, Timothy, timothy@gmail.com, Mon Apr 25 00:00:00 KST 1988, 123-123-1234]
[DEBUG] [2021-05-11 14:42] testselectStudentByIdwithResultMap()
[DEBUG] [2021-05-11 14:42] ==>  Preparing: select stud_id,name,email,dob, substring(phone,1,3)as f, /*1Î≤àÏûêÎ¶¨Î∂ÄÌÑ∞ 3Í∞ú 5Î≤àÏûêÎ¶¨Î∂ÄÌÑ∞ 3Í∞ú 9Î≤àÏûêÎ¶¨Î∂ÄÌÑ∞ 4Í∞ú*/ substring(phone,5,3)as m , substring(phone,9,4)as l from students where stud_id = ?;
[DEBUG] [2021-05-11 14:42] ==> Parameters: 1(Integer)
[TRACE] [2021-05-11 14:42] <==    Columns: stud_id, name, email, dob, f, m, l
[TRACE] [2021-05-11 14:42] <==        Row: 1, Timothy, timothy@gmail.com, 1988-04-25, 123, 123, 1234
[DEBUG] [2021-05-11 14:42] <==      Total: 1
[DEBUG] [2021-05-11 14:42] Student [1, Timothy, timothy@gmail.com, Mon Apr 25 00:00:00 KST 1988, 123-123-1234]
[DEBUG] [2021-05-11 14:42] testselectStudentById()
[DEBUG] [2021-05-11 14:42] ==>  Preparing: select stud_id as studId, name, email, dob, phone from students where stud_id=?
[DEBUG] [2021-05-11 14:42] ==> Parameters: 1(Integer)
[TRACE] [2021-05-11 14:42] <==    Columns: studId, name, email, dob, phone
[TRACE] [2021-05-11 14:42] <==        Row: 1, Timothy, timothy@gmail.com, 1988-04-25, 123-123-1234
[DEBUG] [2021-05-11 14:42] <==      Total: 1
[DEBUG] [2021-05-11 14:42] Student [1, Timothy, timothy@gmail.com, Mon Apr 25 00:00:00 KST 1988, 123-123-1234]
[DEBUG] [2021-05-11 14:43] testselectStudentByIdwithResultMap()
[DEBUG] [2021-05-11 14:43] ==>  Preparing: select stud_id,name,email,dob, substring(phone,1,3)as f, /*1Î≤àÏûêÎ¶¨Î∂ÄÌÑ∞ 3Í∞ú 5Î≤àÏûêÎ¶¨Î∂ÄÌÑ∞ 3Í∞ú 9Î≤àÏûêÎ¶¨Î∂ÄÌÑ∞ 4Í∞ú*/ substring(phone,5,3)as m , substring(phone,9,4)as l from students where stud_id = ?;
[DEBUG] [2021-05-11 14:43] ==> Parameters: 1(Integer)
[TRACE] [2021-05-11 14:43] <==    Columns: stud_id, name, email, dob, f, m, l
[TRACE] [2021-05-11 14:43] <==        Row: 1, Timothy, timothy@gmail.com, 1988-04-25, 123, 123, 1234
[DEBUG] [2021-05-11 14:43] <==      Total: 1
[DEBUG] [2021-05-11 14:43] Student [1, Timothy, timothy@gmail.com, Mon Apr 25 00:00:00 KST 1988, 123-123-1234]
[DEBUG] [2021-05-11 14:43] testselectStudentById()
[DEBUG] [2021-05-11 14:43] ==>  Preparing: select stud_id as studId, name, email, dob, phone from students where stud_id=?
[DEBUG] [2021-05-11 14:43] ==> Parameters: 1(Integer)
[TRACE] [2021-05-11 14:43] <==    Columns: studId, name, email, dob, phone
[TRACE] [2021-05-11 14:43] <==        Row: 1, Timothy, timothy@gmail.com, 1988-04-25, 123-123-1234
[DEBUG] [2021-05-11 14:43] <==      Total: 1
[DEBUG] [2021-05-11 14:43] Student [1, Timothy, timothy@gmail.com, Mon Apr 25 00:00:00 KST 1988, 123-123-1234]
[DEBUG] [2021-05-11 14:49] testSelectStudentByAll()
[DEBUG] [2021-05-11 14:49] ==>  Preparing: select stud_id as studId, name, email, phone, dob from students
[DEBUG] [2021-05-11 14:49] ==> Parameters: 
[TRACE] [2021-05-11 14:49] <==    Columns: studId, name, email, phone, dob
[TRACE] [2021-05-11 14:49] <==        Row: 1, Timothy, timothy@gmail.com, 123-123-1234, 1988-04-25
[TRACE] [2021-05-11 14:49] <==        Row: 2, Douglas, douglas@gmail.com, 789-456-1234, 1990-08-15
[DEBUG] [2021-05-11 14:49] <==      Total: 2
[DEBUG] [2021-05-11 14:49] testselectStudentByIdwithResultMap()
[DEBUG] [2021-05-11 14:49] ==>  Preparing: select stud_id,name,email,dob, substring(phone,1,3)as f, /*1Î≤àÏûêÎ¶¨Î∂ÄÌÑ∞ 3Í∞ú 5Î≤àÏûêÎ¶¨Î∂ÄÌÑ∞ 3Í∞ú 9Î≤àÏûêÎ¶¨Î∂ÄÌÑ∞ 4Í∞ú*/ substring(phone,5,3)as m , substring(phone,9,4)as l from students where stud_id = ?;
[DEBUG] [2021-05-11 14:49] ==> Parameters: 1(Integer)
[TRACE] [2021-05-11 14:49] <==    Columns: stud_id, name, email, dob, f, m, l
[TRACE] [2021-05-11 14:49] <==        Row: 1, Timothy, timothy@gmail.com, 1988-04-25, 123, 123, 1234
[DEBUG] [2021-05-11 14:49] <==      Total: 1
[DEBUG] [2021-05-11 14:49] Student [1, Timothy, timothy@gmail.com, Mon Apr 25 00:00:00 KST 1988, 123-123-1234]
[DEBUG] [2021-05-11 14:49] testselectStudentById()
[DEBUG] [2021-05-11 14:49] ==>  Preparing: select stud_id as studId, name, email, dob, phone from students where stud_id=?
[DEBUG] [2021-05-11 14:49] ==> Parameters: 1(Integer)
[TRACE] [2021-05-11 14:49] <==    Columns: studId, name, email, dob, phone
[TRACE] [2021-05-11 14:49] <==        Row: 1, Timothy, timothy@gmail.com, 1988-04-25, 123-123-1234
[DEBUG] [2021-05-11 14:49] <==      Total: 1
[DEBUG] [2021-05-11 14:49] Student [1, Timothy, timothy@gmail.com, Mon Apr 25 00:00:00 KST 1988, 123-123-1234]
[DEBUG] [2021-05-11 14:52] testDataSource()
[DEBUG] [2021-05-11 14:52] DataSource HikariDataSource (HikariPool-1)
[DEBUG] [2021-05-11 14:52] LoginTimeout 30
[DEBUG] [2021-05-11 14:52] testsqlSession()
[DEBUG] [2021-05-11 14:52] session org.apache.ibatis.session.defaults.DefaultSqlSession@40687551
[DEBUG] [2021-05-11 14:52] testSelectStudentByAll()
[DEBUG] [2021-05-11 14:52] ==>  Preparing: select stud_id as studId, name, email, phone, dob from students
[DEBUG] [2021-05-11 14:52] ==> Parameters: 
[TRACE] [2021-05-11 14:52] <==    Columns: studId, name, email, phone, dob
[TRACE] [2021-05-11 14:52] <==        Row: 1, Timothy, timothy@gmail.com, 123-123-1234, 1988-04-25
[TRACE] [2021-05-11 14:52] <==        Row: 2, Douglas, douglas@gmail.com, 789-456-1234, 1990-08-15
[DEBUG] [2021-05-11 14:52] <==      Total: 2
[DEBUG] [2021-05-11 14:52] testselectStudentByIdwithResultMap()
[DEBUG] [2021-05-11 14:52] ==>  Preparing: select stud_id,name,email,dob, substring(phone,1,3)as f, /*1π¯¿⁄∏Æ∫Œ≈Õ 3∞≥ 5π¯¿⁄∏Æ∫Œ≈Õ 3∞≥ 9π¯¿⁄∏Æ∫Œ≈Õ 4∞≥*/ substring(phone,5,3)as m , substring(phone,9,4)as l from students where stud_id = ?;
[DEBUG] [2021-05-11 14:52] ==> Parameters: 1(Integer)
[TRACE] [2021-05-11 14:52] <==    Columns: stud_id, name, email, dob, f, m, l
[TRACE] [2021-05-11 14:52] <==        Row: 1, Timothy, timothy@gmail.com, 1988-04-25, 123, 123, 1234
[DEBUG] [2021-05-11 14:52] <==      Total: 1
[DEBUG] [2021-05-11 14:52] Student [1, Timothy, timothy@gmail.com, Mon Apr 25 00:00:00 KST 1988, 123-123-1234]
[DEBUG] [2021-05-11 14:52] testselectStudentById()
[DEBUG] [2021-05-11 14:52] ==>  Preparing: select stud_id as studId, name, email, dob, phone from students where stud_id=?
[DEBUG] [2021-05-11 14:52] ==> Parameters: 1(Integer)
[TRACE] [2021-05-11 14:52] <==    Columns: studId, name, email, dob, phone
[TRACE] [2021-05-11 14:52] <==        Row: 1, Timothy, timothy@gmail.com, 1988-04-25, 123-123-1234
[DEBUG] [2021-05-11 14:52] <==      Total: 1
[DEBUG] [2021-05-11 14:52] Student [1, Timothy, timothy@gmail.com, Mon Apr 25 00:00:00 KST 1988, 123-123-1234]
[DEBUG] [2021-05-11 15:10] testSelectStudentByAll()
[DEBUG] [2021-05-11 15:10] ==>  Preparing: select stud_id as studId, name, email, dob, phone from students
[DEBUG] [2021-05-11 15:10] ==> Parameters: 
[TRACE] [2021-05-11 15:10] <==    Columns: studId, name, email, dob, phone
[TRACE] [2021-05-11 15:10] <==        Row: 1, Timothy, timothy@gmail.com, 1988-04-25, 123-123-1234
[TRACE] [2021-05-11 15:10] <==        Row: 2, Douglas, douglas@gmail.com, 1990-08-15, 789-456-1234
[DEBUG] [2021-05-11 15:10] <==      Total: 2
[DEBUG] [2021-05-11 15:10] testselectStudentByIdwithResultMap()
[DEBUG] [2021-05-11 15:10] ==>  Preparing: select stud_id,name,email,dob, substring(phone,1,3)as f, /*1Î≤àÏûêÎ¶¨Î∂ÄÌÑ∞ 3Í∞ú 5Î≤àÏûêÎ¶¨Î∂ÄÌÑ∞ 3Í∞ú 9Î≤àÏûêÎ¶¨Î∂ÄÌÑ∞ 4Í∞ú*/ substring(phone,5,3)as m , substring(phone,9,4)as l from students where stud_id = ?;
[DEBUG] [2021-05-11 15:10] ==> Parameters: 1(Integer)
[TRACE] [2021-05-11 15:10] <==    Columns: stud_id, name, email, dob, f, m, l
[TRACE] [2021-05-11 15:10] <==        Row: 1, Timothy, timothy@gmail.com, 1988-04-25, 123, 123, 1234
[DEBUG] [2021-05-11 15:10] <==      Total: 1
[DEBUG] [2021-05-11 15:10] Student [1, Timothy, timothy@gmail.com, Mon Apr 25 00:00:00 KST 1988, 123-123-1234]
[DEBUG] [2021-05-11 15:10] testselectStudentById()
[DEBUG] [2021-05-11 15:10] ==>  Preparing: select stud_id as studId, name, email, dob, phone from students WHERE stud_id=?
[DEBUG] [2021-05-11 15:10] ==> Parameters: 1(Integer)
[TRACE] [2021-05-11 15:10] <==    Columns: studId, name, email, dob, phone
[TRACE] [2021-05-11 15:10] <==        Row: 1, Timothy, timothy@gmail.com, 1988-04-25, 123-123-1234
[DEBUG] [2021-05-11 15:10] <==      Total: 1
[DEBUG] [2021-05-11 15:10] Student [1, Timothy, timothy@gmail.com, Mon Apr 25 00:00:00 KST 1988, 123-123-1234]
[DEBUG] [2021-05-11 15:10] testSelectStudentByAll()
[DEBUG] [2021-05-11 15:10] ==>  Preparing: select stud_id as studId, name, email, dob, phone from students
[DEBUG] [2021-05-11 15:10] ==> Parameters: 
[TRACE] [2021-05-11 15:10] <==    Columns: studId, name, email, dob, phone
[TRACE] [2021-05-11 15:10] <==        Row: 1, Timothy, timothy@gmail.com, 1988-04-25, 123-123-1234
[TRACE] [2021-05-11 15:10] <==        Row: 2, Douglas, douglas@gmail.com, 1990-08-15, 789-456-1234
[DEBUG] [2021-05-11 15:10] <==      Total: 2
[DEBUG] [2021-05-11 15:10] testselectStudentByIdwithResultMap()
[DEBUG] [2021-05-11 15:10] ==>  Preparing: select stud_id,name,email,dob, substring(phone,1,3)as f, /*1Î≤àÏûêÎ¶¨Î∂ÄÌÑ∞ 3Í∞ú 5Î≤àÏûêÎ¶¨Î∂ÄÌÑ∞ 3Í∞ú 9Î≤àÏûêÎ¶¨Î∂ÄÌÑ∞ 4Í∞ú*/ substring(phone,5,3)as m , substring(phone,9,4)as l from students where stud_id = ?;
[DEBUG] [2021-05-11 15:10] ==> Parameters: 1(Integer)
[TRACE] [2021-05-11 15:10] <==    Columns: stud_id, name, email, dob, f, m, l
[TRACE] [2021-05-11 15:10] <==        Row: 1, Timothy, timothy@gmail.com, 1988-04-25, 123, 123, 1234
[DEBUG] [2021-05-11 15:10] <==      Total: 1
[DEBUG] [2021-05-11 15:10] Student [1, Timothy, timothy@gmail.com, Mon Apr 25 00:00:00 KST 1988, 123-123-1234]
[DEBUG] [2021-05-11 15:10] testselectStudentById()
[DEBUG] [2021-05-11 15:10] ==>  Preparing: select stud_id as studId, name, email, dob, phone from students WHERE stud_id=?
[DEBUG] [2021-05-11 15:10] ==> Parameters: 1(Integer)
[TRACE] [2021-05-11 15:10] <==    Columns: studId, name, email, dob, phone
[TRACE] [2021-05-11 15:10] <==        Row: 1, Timothy, timothy@gmail.com, 1988-04-25, 123-123-1234
[DEBUG] [2021-05-11 15:10] <==      Total: 1
[DEBUG] [2021-05-11 15:10] Student [1, Timothy, timothy@gmail.com, Mon Apr 25 00:00:00 KST 1988, 123-123-1234]
[DEBUG] [2021-05-11 15:10] testSelectStudentByAll()
[DEBUG] [2021-05-11 15:10] ==>  Preparing: select stud_id as studId, name, email, dob, phone from students
[DEBUG] [2021-05-11 15:10] ==> Parameters: 
[TRACE] [2021-05-11 15:10] <==    Columns: studId, name, email, dob, phone
[TRACE] [2021-05-11 15:10] <==        Row: 1, Timothy, timothy@gmail.com, 1988-04-25, 123-123-1234
[TRACE] [2021-05-11 15:10] <==        Row: 2, Douglas, douglas@gmail.com, 1990-08-15, 789-456-1234
[DEBUG] [2021-05-11 15:10] <==      Total: 2
[DEBUG] [2021-05-11 15:10] testselectStudentByIdwithResultMap()
[DEBUG] [2021-05-11 15:10] ==>  Preparing: select stud_id,name,email,dob, substring(phone,1,3)as f, /*1Î≤àÏûêÎ¶¨Î∂ÄÌÑ∞ 3Í∞ú 5Î≤àÏûêÎ¶¨Î∂ÄÌÑ∞ 3Í∞ú 9Î≤àÏûêÎ¶¨Î∂ÄÌÑ∞ 4Í∞ú*/ substring(phone,5,3)as m , substring(phone,9,4)as l from students where stud_id = ?;
[DEBUG] [2021-05-11 15:10] ==> Parameters: 1(Integer)
[TRACE] [2021-05-11 15:10] <==    Columns: stud_id, name, email, dob, f, m, l
[TRACE] [2021-05-11 15:10] <==        Row: 1, Timothy, timothy@gmail.com, 1988-04-25, 123, 123, 1234
[DEBUG] [2021-05-11 15:10] <==      Total: 1
[DEBUG] [2021-05-11 15:10] Student [1, Timothy, timothy@gmail.com, Mon Apr 25 00:00:00 KST 1988, 123-123-1234]
[DEBUG] [2021-05-11 15:10] testselectStudentById()
[DEBUG] [2021-05-11 15:10] ==>  Preparing: select stud_id as studId, name, email, dob, phone from students WHERE stud_id=?
[DEBUG] [2021-05-11 15:10] ==> Parameters: 1(Integer)
[TRACE] [2021-05-11 15:10] <==    Columns: studId, name, email, dob, phone
[TRACE] [2021-05-11 15:10] <==        Row: 1, Timothy, timothy@gmail.com, 1988-04-25, 123-123-1234
[DEBUG] [2021-05-11 15:10] <==      Total: 1
[DEBUG] [2021-05-11 15:10] Student [1, Timothy, timothy@gmail.com, Mon Apr 25 00:00:00 KST 1988, 123-123-1234]
[DEBUG] [2021-05-11 15:15] testSelectStudentByAll()
[DEBUG] [2021-05-11 15:15] ==>  Preparing: select stud_id as studId, name, email, dob, phone from students
[DEBUG] [2021-05-11 15:15] ==> Parameters: 
[TRACE] [2021-05-11 15:15] <==    Columns: studId, name, email, dob, phone
[TRACE] [2021-05-11 15:15] <==        Row: 1, Timothy, timothy@gmail.com, 1988-04-25, 123-123-1234
[TRACE] [2021-05-11 15:15] <==        Row: 2, Douglas, douglas@gmail.com, 1990-08-15, 789-456-1234
[DEBUG] [2021-05-11 15:15] <==      Total: 2
[DEBUG] [2021-05-11 15:15] ==>  Preparing: insert into students(stud_id, name, email, phone, dob) values(?, ?, ?, ?, ?)
[DEBUG] [2021-05-11 15:15] ==> Parameters: 3(Integer), ÌôçÍ∏∏Îèô3(String), lee@test.co.kr(String), 010-1234-1234(String), 1990-03-28 15:15:00.792(Timestamp)
[DEBUG] [2021-05-11 15:15] testselectStudentByIdwithResultMap()
[DEBUG] [2021-05-11 15:15] ==>  Preparing: select stud_id,name,email,dob, substring(phone,1,3)as f, /*1Î≤àÏûêÎ¶¨Î∂ÄÌÑ∞ 3Í∞ú 5Î≤àÏûêÎ¶¨Î∂ÄÌÑ∞ 3Í∞ú 9Î≤àÏûêÎ¶¨Î∂ÄÌÑ∞ 4Í∞ú*/ substring(phone,5,3)as m , substring(phone,9,4)as l from students where stud_id = ?;
[DEBUG] [2021-05-11 15:15] ==> Parameters: 1(Integer)
[TRACE] [2021-05-11 15:15] <==    Columns: stud_id, name, email, dob, f, m, l
[TRACE] [2021-05-11 15:15] <==        Row: 1, Timothy, timothy@gmail.com, 1988-04-25, 123, 123, 1234
[DEBUG] [2021-05-11 15:15] <==      Total: 1
[DEBUG] [2021-05-11 15:15] Student [1, Timothy, timothy@gmail.com, Mon Apr 25 00:00:00 KST 1988, 123-123-1234]
[DEBUG] [2021-05-11 15:15] testselectStudentById()
[DEBUG] [2021-05-11 15:15] ==>  Preparing: select stud_id as studId, name, email, dob, phone from students WHERE stud_id=?
[DEBUG] [2021-05-11 15:15] ==> Parameters: 1(Integer)
[TRACE] [2021-05-11 15:15] <==    Columns: studId, name, email, dob, phone
[TRACE] [2021-05-11 15:15] <==        Row: 1, Timothy, timothy@gmail.com, 1988-04-25, 123-123-1234
[DEBUG] [2021-05-11 15:15] <==      Total: 1
[DEBUG] [2021-05-11 15:15] Student [1, Timothy, timothy@gmail.com, Mon Apr 25 00:00:00 KST 1988, 123-123-1234]
[DEBUG] [2021-05-11 15:15] testSelectStudentByAll()
[DEBUG] [2021-05-11 15:15] ==>  Preparing: select stud_id as studId, name, email, dob, phone from students
[DEBUG] [2021-05-11 15:15] ==> Parameters: 
[TRACE] [2021-05-11 15:15] <==    Columns: studId, name, email, dob, phone
[TRACE] [2021-05-11 15:15] <==        Row: 1, Timothy, timothy@gmail.com, 1988-04-25, 123-123-1234
[TRACE] [2021-05-11 15:15] <==        Row: 2, Douglas, douglas@gmail.com, 1990-08-15, 789-456-1234
[TRACE] [2021-05-11 15:15] <==        Row: 3, ÌôçÍ∏∏Îèô3, lee@test.co.kr, 1990-03-28, 010-1234-1234
[DEBUG] [2021-05-11 15:15] <==      Total: 3
[DEBUG] [2021-05-11 15:15] testInsertStudent()
[DEBUG] [2021-05-11 15:15] ==>  Preparing: insert into students(stud_id, name, email, phone, dob) values(?, ?, ?, ?, ?)
[DEBUG] [2021-05-11 15:15] ==> Parameters: 3(Integer), ÌôçÍ∏∏Îèô3(String), lee@test.co.kr(String), 010-1234-1234(String), 1990-03-28 15:15:16.501(Timestamp)
[DEBUG] [2021-05-11 15:15] testselectStudentByIdwithResultMap()
[DEBUG] [2021-05-11 15:15] ==>  Preparing: select stud_id,name,email,dob, substring(phone,1,3)as f, /*1Î≤àÏûêÎ¶¨Î∂ÄÌÑ∞ 3Í∞ú 5Î≤àÏûêÎ¶¨Î∂ÄÌÑ∞ 3Í∞ú 9Î≤àÏûêÎ¶¨Î∂ÄÌÑ∞ 4Í∞ú*/ substring(phone,5,3)as m , substring(phone,9,4)as l from students where stud_id = ?;
[DEBUG] [2021-05-11 15:15] ==> Parameters: 1(Integer)
[TRACE] [2021-05-11 15:15] <==    Columns: stud_id, name, email, dob, f, m, l
[TRACE] [2021-05-11 15:15] <==        Row: 1, Timothy, timothy@gmail.com, 1988-04-25, 123, 123, 1234
[DEBUG] [2021-05-11 15:15] <==      Total: 1
[DEBUG] [2021-05-11 15:15] Student [1, Timothy, timothy@gmail.com, Mon Apr 25 00:00:00 KST 1988, 123-123-1234]
[DEBUG] [2021-05-11 15:15] testselectStudentById()
[DEBUG] [2021-05-11 15:15] ==>  Preparing: select stud_id as studId, name, email, dob, phone from students WHERE stud_id=?
[DEBUG] [2021-05-11 15:15] ==> Parameters: 1(Integer)
[TRACE] [2021-05-11 15:15] <==    Columns: studId, name, email, dob, phone
[TRACE] [2021-05-11 15:15] <==        Row: 1, Timothy, timothy@gmail.com, 1988-04-25, 123-123-1234
[DEBUG] [2021-05-11 15:15] <==      Total: 1
[DEBUG] [2021-05-11 15:15] Student [1, Timothy, timothy@gmail.com, Mon Apr 25 00:00:00 KST 1988, 123-123-1234]
[DEBUG] [2021-05-11 15:23] test01selectStudentById()
[DEBUG] [2021-05-11 15:23] ==>  Preparing: select stud_id as studId, name, email, dob, phone from students WHERE stud_id=?
[DEBUG] [2021-05-11 15:23] ==> Parameters: 1(Integer)
[TRACE] [2021-05-11 15:23] <==    Columns: studId, name, email, dob, phone
[TRACE] [2021-05-11 15:23] <==        Row: 1, Timothy, timothy@gmail.com, 1988-04-25, 123-123-1234
[DEBUG] [2021-05-11 15:23] <==      Total: 1
[DEBUG] [2021-05-11 15:23] Student [1, Timothy, timothy@gmail.com, Mon Apr 25 00:00:00 KST 1988, 123-123-1234]
[DEBUG] [2021-05-11 15:23] test02selectStudentByIdwithResultMap()
[DEBUG] [2021-05-11 15:23] ==>  Preparing: select stud_id,name,email,dob, substring(phone,1,3)as f, /*1Î≤àÏûêÎ¶¨Î∂ÄÌÑ∞ 3Í∞ú 5Î≤àÏûêÎ¶¨Î∂ÄÌÑ∞ 3Í∞ú 9Î≤àÏûêÎ¶¨Î∂ÄÌÑ∞ 4Í∞ú*/ substring(phone,5,3)as m , substring(phone,9,4)as l from students where stud_id = ?;
[DEBUG] [2021-05-11 15:23] ==> Parameters: 1(Integer)
[TRACE] [2021-05-11 15:23] <==    Columns: stud_id, name, email, dob, f, m, l
[TRACE] [2021-05-11 15:23] <==        Row: 1, Timothy, timothy@gmail.com, 1988-04-25, 123, 123, 1234
[DEBUG] [2021-05-11 15:23] <==      Total: 1
[DEBUG] [2021-05-11 15:23] Student [1, Timothy, timothy@gmail.com, Mon Apr 25 00:00:00 KST 1988, 123-123-1234]
[DEBUG] [2021-05-11 15:23] test03InsertStudent()
[DEBUG] [2021-05-11 15:23] ==>  Preparing: insert into students(stud_id, name, email, phone, dob) values(?, ?, ?, ?, ?)
[DEBUG] [2021-05-11 15:23] ==> Parameters: 3(Integer), ÌôçÍ∏∏Îèô3(String), lee@test.co.kr(String), 010-1234-1234(String), 1990-03-28 15:23:14.404(Timestamp)
[DEBUG] [2021-05-11 15:23] test04SelectStudentByAll()
[DEBUG] [2021-05-11 15:23] ==>  Preparing: select stud_id as studId, name, email, dob, phone from students
[DEBUG] [2021-05-11 15:23] ==> Parameters: 
[TRACE] [2021-05-11 15:23] <==    Columns: studId, name, email, dob, phone
[TRACE] [2021-05-11 15:23] <==        Row: 1, Timothy, timothy@gmail.com, 1988-04-25, 123-123-1234
[TRACE] [2021-05-11 15:23] <==        Row: 2, Douglas, douglas@gmail.com, 1990-08-15, 789-456-1234
[TRACE] [2021-05-11 15:23] <==        Row: 3, ÌôçÍ∏∏Îèô3, lee@test.co.kr, 1990-03-28, 010-1234-1234
[DEBUG] [2021-05-11 15:23] <==      Total: 3
[DEBUG] [2021-05-11 15:23] test5DeleteStudent()
[DEBUG] [2021-05-11 15:23] ==>  Preparing: delete from students where stud_id=?
[DEBUG] [2021-05-11 15:23] ==> Parameters: 3(Integer)
[DEBUG] [2021-05-11 15:23] <==    Updates: 1
[DEBUG] [2021-05-11 15:23] test04SelectStudentByAll()
[DEBUG] [2021-05-11 15:23] ==>  Preparing: select stud_id as studId, name, email, dob, phone from students
[DEBUG] [2021-05-11 15:23] ==> Parameters: 
[TRACE] [2021-05-11 15:23] <==    Columns: studId, name, email, dob, phone
[TRACE] [2021-05-11 15:23] <==        Row: 1, Timothy, timothy@gmail.com, 1988-04-25, 123-123-1234
[TRACE] [2021-05-11 15:23] <==        Row: 2, Douglas, douglas@gmail.com, 1990-08-15, 789-456-1234
[DEBUG] [2021-05-11 15:23] <==      Total: 2
[DEBUG] [2021-05-11 15:23] test6UpdateStudent()
[DEBUG] [2021-05-11 15:23] ==>  Preparing: update students set name=?, email=?,phone=?, dob=? where stud_id=?
[DEBUG] [2021-05-11 15:23] ==> Parameters: Timothy(String), test@test.co.kr(String), 987-654-3211(String), 2021-05-11 15:23:14.489(Timestamp), 1(Integer)
[DEBUG] [2021-05-11 15:23] <==    Updates: 1
[DEBUG] [2021-05-11 15:23] ==>  Preparing: update students set name=?, email=?,phone=?, dob=? where stud_id=?
[DEBUG] [2021-05-11 15:23] ==> Parameters: Timothy(String), timothy@gmail.com(String), 123-123-1234(String), 1988-05-25 00:00:00.0(Timestamp), 1(Integer)
[DEBUG] [2021-05-11 15:23] <==    Updates: 1
[DEBUG] [2021-05-11 15:23] test01selectStudentById()
[DEBUG] [2021-05-11 15:23] ==>  Preparing: select stud_id as studId, name, email, dob, phone from students WHERE stud_id=?
[DEBUG] [2021-05-11 15:23] ==> Parameters: 1(Integer)
[TRACE] [2021-05-11 15:23] <==    Columns: studId, name, email, dob, phone
[TRACE] [2021-05-11 15:23] <==        Row: 1, Timothy, timothy@gmail.com, 1988-05-25, 123-123-1234
[DEBUG] [2021-05-11 15:23] <==      Total: 1
[DEBUG] [2021-05-11 15:23] Student [1, Timothy, timothy@gmail.com, Wed May 25 00:00:00 KDT 1988, 123-123-1234]
[DEBUG] [2021-05-11 15:23] test02selectStudentByIdwithResultMap()
[DEBUG] [2021-05-11 15:23] ==>  Preparing: select stud_id,name,email,dob, substring(phone,1,3)as f, /*1Î≤àÏûêÎ¶¨Î∂ÄÌÑ∞ 3Í∞ú 5Î≤àÏûêÎ¶¨Î∂ÄÌÑ∞ 3Í∞ú 9Î≤àÏûêÎ¶¨Î∂ÄÌÑ∞ 4Í∞ú*/ substring(phone,5,3)as m , substring(phone,9,4)as l from students where stud_id = ?;
[DEBUG] [2021-05-11 15:23] ==> Parameters: 1(Integer)
[TRACE] [2021-05-11 15:23] <==    Columns: stud_id, name, email, dob, f, m, l
[TRACE] [2021-05-11 15:23] <==        Row: 1, Timothy, timothy@gmail.com, 1988-05-25, 123, 123, 1234
[DEBUG] [2021-05-11 15:23] <==      Total: 1
[DEBUG] [2021-05-11 15:23] Student [1, Timothy, timothy@gmail.com, Wed May 25 00:00:00 KDT 1988, 123-123-1234]
[DEBUG] [2021-05-11 15:23] test03InsertStudent()
[DEBUG] [2021-05-11 15:23] ==>  Preparing: insert into students(stud_id, name, email, phone, dob) values(?, ?, ?, ?, ?)
[DEBUG] [2021-05-11 15:23] ==> Parameters: 3(Integer), ÌôçÍ∏∏Îèô3(String), lee@test.co.kr(String), 010-1234-1234(String), 1990-03-28 15:23:32.804(Timestamp)
[DEBUG] [2021-05-11 15:23] <==    Updates: 1
[DEBUG] [2021-05-11 15:23] test04SelectStudentByAll()
[DEBUG] [2021-05-11 15:23] ==>  Preparing: select stud_id as studId, name, email, dob, phone from students
[DEBUG] [2021-05-11 15:23] ==> Parameters: 
[TRACE] [2021-05-11 15:23] <==    Columns: studId, name, email, dob, phone
[TRACE] [2021-05-11 15:23] <==        Row: 1, Timothy, timothy@gmail.com, 1988-05-25, 123-123-1234
[TRACE] [2021-05-11 15:23] <==        Row: 2, Douglas, douglas@gmail.com, 1990-08-15, 789-456-1234
[TRACE] [2021-05-11 15:23] <==        Row: 3, ÌôçÍ∏∏Îèô3, lee@test.co.kr, 1990-03-28, 010-1234-1234
[DEBUG] [2021-05-11 15:23] <==      Total: 3
[DEBUG] [2021-05-11 15:23] test5DeleteStudent()
[DEBUG] [2021-05-11 15:23] ==>  Preparing: delete from students where stud_id=?
[DEBUG] [2021-05-11 15:23] ==> Parameters: 3(Integer)
[DEBUG] [2021-05-11 15:23] <==    Updates: 1
[DEBUG] [2021-05-11 15:23] test04SelectStudentByAll()
[DEBUG] [2021-05-11 15:23] ==>  Preparing: select stud_id as studId, name, email, dob, phone from students
[DEBUG] [2021-05-11 15:23] ==> Parameters: 
[TRACE] [2021-05-11 15:23] <==    Columns: studId, name, email, dob, phone
[TRACE] [2021-05-11 15:23] <==        Row: 1, Timothy, timothy@gmail.com, 1988-05-25, 123-123-1234
[TRACE] [2021-05-11 15:23] <==        Row: 2, Douglas, douglas@gmail.com, 1990-08-15, 789-456-1234
[DEBUG] [2021-05-11 15:23] <==      Total: 2
[DEBUG] [2021-05-11 15:23] test6UpdateStudent()
[DEBUG] [2021-05-11 15:23] ==>  Preparing: update students set name=?, email=?,phone=?, dob=? where stud_id=?
[DEBUG] [2021-05-11 15:23] ==> Parameters: Timothy(String), test@test.co.kr(String), 987-654-3211(String), 2021-05-11 15:23:32.832(Timestamp), 1(Integer)
[DEBUG] [2021-05-11 15:23] <==    Updates: 1
[DEBUG] [2021-05-11 15:23] ==>  Preparing: update students set name=?, email=?,phone=?, dob=? where stud_id=?
[DEBUG] [2021-05-11 15:23] ==> Parameters: Timothy(String), timothy@gmail.com(String), 123-123-1234(String), 1988-05-25 00:00:00.0(Timestamp), 1(Integer)
[DEBUG] [2021-05-11 15:23] <==    Updates: 1
[DEBUG] [2021-05-11 15:23] test04SelectStudentByAll()
[DEBUG] [2021-05-11 15:23] ==>  Preparing: select stud_id as studId, name, email, dob, phone from students
[DEBUG] [2021-05-11 15:23] ==> Parameters: 
[TRACE] [2021-05-11 15:23] <==    Columns: studId, name, email, dob, phone
[TRACE] [2021-05-11 15:23] <==        Row: 1, Timothy, timothy@gmail.com, 1988-05-25, 123-123-1234
[TRACE] [2021-05-11 15:23] <==        Row: 2, Douglas, douglas@gmail.com, 1990-08-15, 789-456-1234
[DEBUG] [2021-05-11 15:23] <==      Total: 2
[DEBUG] [2021-05-11 15:24] test01selectStudentById()
[DEBUG] [2021-05-11 15:24] ==>  Preparing: select stud_id as studId, name, email, dob, phone from students WHERE stud_id=?
[DEBUG] [2021-05-11 15:24] ==> Parameters: 1(Integer)
[TRACE] [2021-05-11 15:24] <==    Columns: studId, name, email, dob, phone
[TRACE] [2021-05-11 15:24] <==        Row: 1, Timothy, timothy@gmail.com, 1988-05-25, 123-123-1234
[DEBUG] [2021-05-11 15:24] <==      Total: 1
[DEBUG] [2021-05-11 15:24] Student [1, Timothy, timothy@gmail.com, Wed May 25 00:00:00 KDT 1988, 123-123-1234]
[DEBUG] [2021-05-11 15:24] test02selectStudentByIdwithResultMap()
[DEBUG] [2021-05-11 15:24] ==>  Preparing: select stud_id,name,email,dob, substring(phone,1,3)as f, /*1Î≤àÏûêÎ¶¨Î∂ÄÌÑ∞ 3Í∞ú 5Î≤àÏûêÎ¶¨Î∂ÄÌÑ∞ 3Í∞ú 9Î≤àÏûêÎ¶¨Î∂ÄÌÑ∞ 4Í∞ú*/ substring(phone,5,3)as m , substring(phone,9,4)as l from students where stud_id = ?;
[DEBUG] [2021-05-11 15:24] ==> Parameters: 1(Integer)
[TRACE] [2021-05-11 15:24] <==    Columns: stud_id, name, email, dob, f, m, l
[TRACE] [2021-05-11 15:24] <==        Row: 1, Timothy, timothy@gmail.com, 1988-05-25, 123, 123, 1234
[DEBUG] [2021-05-11 15:24] <==      Total: 1
[DEBUG] [2021-05-11 15:24] Student [1, Timothy, timothy@gmail.com, Wed May 25 00:00:00 KDT 1988, 123-123-1234]
[DEBUG] [2021-05-11 15:24] test03InsertStudent()
[DEBUG] [2021-05-11 15:24] ==>  Preparing: insert into students(stud_id, name, email, phone, dob) values(?, ?, ?, ?, ?)
[DEBUG] [2021-05-11 15:24] ==> Parameters: 3(Integer), ÌôçÍ∏∏Îèô3(String), lee@test.co.kr(String), 010-1234-1234(String), 1990-03-28 15:24:36.373(Timestamp)
[DEBUG] [2021-05-11 15:24] <==    Updates: 1
[DEBUG] [2021-05-11 15:24] test04SelectStudentByAll()
[DEBUG] [2021-05-11 15:24] ==>  Preparing: select stud_id as studId, name, email, dob, phone from students
[DEBUG] [2021-05-11 15:24] ==> Parameters: 
[TRACE] [2021-05-11 15:24] <==    Columns: studId, name, email, dob, phone
[TRACE] [2021-05-11 15:24] <==        Row: 1, Timothy, timothy@gmail.com, 1988-05-25, 123-123-1234
[TRACE] [2021-05-11 15:24] <==        Row: 2, Douglas, douglas@gmail.com, 1990-08-15, 789-456-1234
[TRACE] [2021-05-11 15:24] <==        Row: 3, ÌôçÍ∏∏Îèô3, lee@test.co.kr, 1990-03-28, 010-1234-1234
[DEBUG] [2021-05-11 15:24] <==      Total: 3
[DEBUG] [2021-05-11 15:24] test5DeleteStudent()
[DEBUG] [2021-05-11 15:24] ==>  Preparing: delete from students where stud_id=?
[DEBUG] [2021-05-11 15:24] ==> Parameters: 3(Integer)
[DEBUG] [2021-05-11 15:24] <==    Updates: 1
[DEBUG] [2021-05-11 15:24] test04SelectStudentByAll()
[DEBUG] [2021-05-11 15:24] ==>  Preparing: select stud_id as studId, name, email, dob, phone from students
[DEBUG] [2021-05-11 15:24] ==> Parameters: 
[TRACE] [2021-05-11 15:24] <==    Columns: studId, name, email, dob, phone
[TRACE] [2021-05-11 15:24] <==        Row: 1, Timothy, timothy@gmail.com, 1988-05-25, 123-123-1234
[TRACE] [2021-05-11 15:24] <==        Row: 2, Douglas, douglas@gmail.com, 1990-08-15, 789-456-1234
[DEBUG] [2021-05-11 15:24] <==      Total: 2
[DEBUG] [2021-05-11 15:24] test6UpdateStudent()
[DEBUG] [2021-05-11 15:24] ==>  Preparing: update students set name=?, email=?,phone=?, dob=? where stud_id=?
[DEBUG] [2021-05-11 15:24] ==> Parameters: Timothy(String), test@test.co.kr(String), 987-654-3211(String), 2021-05-11 15:24:36.389(Timestamp), 1(Integer)
[DEBUG] [2021-05-11 15:24] <==    Updates: 1
[DEBUG] [2021-05-11 15:24] ==>  Preparing: update students set name=?, email=?,phone=?, dob=? where stud_id=?
[DEBUG] [2021-05-11 15:24] ==> Parameters: Timothy(String), timothy@gmail.com(String), 123-123-1234(String), 1988-05-25 00:00:00.0(Timestamp), 1(Integer)
[DEBUG] [2021-05-11 15:24] <==    Updates: 1
[DEBUG] [2021-05-11 15:24] test04SelectStudentByAll()
[DEBUG] [2021-05-11 15:24] ==>  Preparing: select stud_id as studId, name, email, dob, phone from students
[DEBUG] [2021-05-11 15:24] ==> Parameters: 
[TRACE] [2021-05-11 15:24] <==    Columns: studId, name, email, dob, phone
[TRACE] [2021-05-11 15:24] <==        Row: 1, Timothy, timothy@gmail.com, 1988-05-25, 123-123-1234
[TRACE] [2021-05-11 15:24] <==        Row: 2, Douglas, douglas@gmail.com, 1990-08-15, 789-456-1234
[DEBUG] [2021-05-11 15:24] <==      Total: 2
[DEBUG] [2021-05-11 15:28] test01selectStudentById()
[DEBUG] [2021-05-11 15:28] ==>  Preparing: select stud_id as studId, name, email, dob, phone from students WHERE stud_id=?
[DEBUG] [2021-05-11 15:28] ==> Parameters: 1(Integer)
[TRACE] [2021-05-11 15:28] <==    Columns: studId, name, email, dob, phone
[TRACE] [2021-05-11 15:28] <==        Row: 1, Timothy, timothy@gmail.com, 1988-05-25, 123-123-1234
[DEBUG] [2021-05-11 15:28] <==      Total: 1
[DEBUG] [2021-05-11 15:28] Student [1, Timothy, timothy@gmail.com, Wed May 25 00:00:00 KDT 1988, 123-123-1234]
[DEBUG] [2021-05-11 15:28] test02selectStudentByIdwithResultMap()
[DEBUG] [2021-05-11 15:28] ==>  Preparing: select stud_id,name,email,dob, substring(phone,1,3)as f, /*1Î≤àÏûêÎ¶¨Î∂ÄÌÑ∞ 3Í∞ú 5Î≤àÏûêÎ¶¨Î∂ÄÌÑ∞ 3Í∞ú 9Î≤àÏûêÎ¶¨Î∂ÄÌÑ∞ 4Í∞ú*/ substring(phone,5,3)as m , substring(phone,9,4)as l from students where stud_id = ?;
[DEBUG] [2021-05-11 15:28] ==> Parameters: 1(Integer)
[TRACE] [2021-05-11 15:28] <==    Columns: stud_id, name, email, dob, f, m, l
[TRACE] [2021-05-11 15:28] <==        Row: 1, Timothy, timothy@gmail.com, 1988-05-25, 123, 123, 1234
[DEBUG] [2021-05-11 15:28] <==      Total: 1
[DEBUG] [2021-05-11 15:28] Student [1, Timothy, timothy@gmail.com, Wed May 25 00:00:00 KDT 1988, 123-123-1234]
[DEBUG] [2021-05-11 15:28] test03InsertStudent()
[DEBUG] [2021-05-11 15:28] ==>  Preparing: insert into students(stud_id, name, email, phone, dob) values(?, ?, ?, ?, ?)
[DEBUG] [2021-05-11 15:28] ==> Parameters: 3(Integer), ÌôçÍ∏∏Îèô3(String), lee@test.co.kr(String), 010-1234-1234(String), 1990-03-28 15:28:08.464(Timestamp)
[DEBUG] [2021-05-11 15:28] <==    Updates: 1
[DEBUG] [2021-05-11 15:28] test04SelectStudentByAll()
[DEBUG] [2021-05-11 15:28] ==>  Preparing: select stud_id as studId, name, email, dob, phone from students
[DEBUG] [2021-05-11 15:28] ==> Parameters: 
[TRACE] [2021-05-11 15:28] <==    Columns: studId, name, email, dob, phone
[TRACE] [2021-05-11 15:28] <==        Row: 1, Timothy, timothy@gmail.com, 1988-05-25, 123-123-1234
[TRACE] [2021-05-11 15:28] <==        Row: 2, Douglas, douglas@gmail.com, 1990-08-15, 789-456-1234
[TRACE] [2021-05-11 15:28] <==        Row: 3, ÌôçÍ∏∏Îèô3, lee@test.co.kr, 1990-03-28, 010-1234-1234
[DEBUG] [2021-05-11 15:28] <==      Total: 3
[DEBUG] [2021-05-11 15:28] test5DeleteStudent()
[DEBUG] [2021-05-11 15:28] ==>  Preparing: delete from students where stud_id=?
[DEBUG] [2021-05-11 15:28] ==> Parameters: 3(Integer)
[DEBUG] [2021-05-11 15:28] <==    Updates: 1
[DEBUG] [2021-05-11 15:28] test6UpdateStudent()
[DEBUG] [2021-05-11 15:28] ==>  Preparing: update students set name=?, email=?,phone=?, dob=? where stud_id=?
[DEBUG] [2021-05-11 15:28] ==> Parameters: Timothy(String), test@test.co.kr(String), 987-654-3211(String), 2021-05-11 15:28:08.479(Timestamp), 1(Integer)
[DEBUG] [2021-05-11 15:28] <==    Updates: 1
[DEBUG] [2021-05-11 15:28] ==>  Preparing: update students set name=?, email=?,phone=?, dob=? where stud_id=?
[DEBUG] [2021-05-11 15:28] ==> Parameters: Timothy(String), timothy@gmail.com(String), 123-123-1234(String), 1988-05-25 00:00:00.0(Timestamp), 1(Integer)
[DEBUG] [2021-05-11 15:28] <==    Updates: 1
[DEBUG] [2021-05-11 15:36] test01selectStudentById()
[DEBUG] [2021-05-11 15:36] ==>  Preparing: select stud_id as studId, name, email, dob, phone from students WHERE stud_id=?
[DEBUG] [2021-05-11 15:36] ==> Parameters: 1(Integer)
[TRACE] [2021-05-11 15:36] <==    Columns: studId, name, email, dob, phone
[TRACE] [2021-05-11 15:36] <==        Row: 1, Timothy, timothy@gmail.com, 1988-05-25, 123-123-1234
[DEBUG] [2021-05-11 15:36] <==      Total: 1
[DEBUG] [2021-05-11 15:36] Student [1, Timothy, timothy@gmail.com, Wed May 25 00:00:00 KDT 1988, 123-123-1234]
[DEBUG] [2021-05-11 15:36] test02selectStudentByIdwithResultMap()
[DEBUG] [2021-05-11 15:36] ==>  Preparing: select stud_id,name,email,dob, substring(phone,1,3)as f, /*1Î≤àÏûêÎ¶¨Î∂ÄÌÑ∞ 3Í∞ú 5Î≤àÏûêÎ¶¨Î∂ÄÌÑ∞ 3Í∞ú 9Î≤àÏûêÎ¶¨Î∂ÄÌÑ∞ 4Í∞ú*/ substring(phone,5,3)as m , substring(phone,9,4)as l from students where stud_id = ?;
[DEBUG] [2021-05-11 15:36] ==> Parameters: 1(Integer)
[TRACE] [2021-05-11 15:36] <==    Columns: stud_id, name, email, dob, f, m, l
[TRACE] [2021-05-11 15:36] <==        Row: 1, Timothy, timothy@gmail.com, 1988-05-25, 123, 123, 1234
[DEBUG] [2021-05-11 15:36] <==      Total: 1
[DEBUG] [2021-05-11 15:36] Student [1, Timothy, timothy@gmail.com, Wed May 25 00:00:00 KDT 1988, 123-123-1234]
[DEBUG] [2021-05-11 15:36] test03SelectStudentByAll()
[DEBUG] [2021-05-11 15:36] ==>  Preparing: select stud_id as studId, name, email, dob, phone from students
[DEBUG] [2021-05-11 15:36] ==> Parameters: 
[TRACE] [2021-05-11 15:36] <==    Columns: studId, name, email, dob, phone
[TRACE] [2021-05-11 15:36] <==        Row: 1, Timothy, timothy@gmail.com, 1988-05-25, 123-123-1234
[TRACE] [2021-05-11 15:36] <==        Row: 2, Douglas, douglas@gmail.com, 1990-08-15, 789-456-1234
[DEBUG] [2021-05-11 15:36] <==      Total: 2
[DEBUG] [2021-05-11 15:36] test04InsertStudent()
[DEBUG] [2021-05-11 15:36] ==>  Preparing: insert into students(stud_id, name, email, phone, dob) values(?, ?, ?, ?, ?)
[DEBUG] [2021-05-11 15:36] ==> Parameters: 3(Integer), ÌôçÍ∏∏Îèô3(String), lee@test.co.kr(String), 010-1234-1234(String), 1990-03-28 15:36:49.359(Timestamp)
[DEBUG] [2021-05-11 15:36] <==    Updates: 1
[DEBUG] [2021-05-11 15:36] test5UpdateStudent()
[DEBUG] [2021-05-11 15:36] ==>  Preparing: update students set name=?, email=?,phone=?, dob=? WHERE stud_id=?
[DEBUG] [2021-05-11 15:36] ==> Parameters: Timothy(String), test@test.co.kr(String), 987-654-3211(String), 2021-05-11 15:36:49.374(Timestamp), 1(Integer)
[DEBUG] [2021-05-11 15:36] <==    Updates: 1
[DEBUG] [2021-05-11 15:36] ==>  Preparing: update students set name=?, email=?,phone=?, dob=? WHERE stud_id=?
[DEBUG] [2021-05-11 15:36] ==> Parameters: Timothy(String), timothy@gmail.com(String), 123-123-1234(String), 1988-05-25 00:00:00.0(Timestamp), 1(Integer)
[DEBUG] [2021-05-11 15:36] <==    Updates: 1
[DEBUG] [2021-05-11 15:36] test6DeleteStudent()
[DEBUG] [2021-05-11 15:36] ==>  Preparing: delete from students WHERE stud_id=?
[DEBUG] [2021-05-11 15:36] ==> Parameters: 3(Integer)
[DEBUG] [2021-05-11 15:36] <==    Updates: 1
[DEBUG] [2021-05-11 15:39] test04InsertStudent()
[DEBUG] [2021-05-11 15:39] ==>  Preparing: insert into students(stud_id, name, email, phone, dob) values(?, ?, ?, ?, ?)
[DEBUG] [2021-05-11 15:39] ==> Parameters: 3(Integer), »´±Êµø3(String), lee@test.co.kr(String), 010-1234-1234(String), 1990-03-28 15:39:26.967(Timestamp)
[DEBUG] [2021-05-11 15:39] <==    Updates: 1
[DEBUG] [2021-05-11 15:39] testDataSource()
[DEBUG] [2021-05-11 15:39] DataSource HikariDataSource (HikariPool-1)
[DEBUG] [2021-05-11 15:39] LoginTimeout 30
[DEBUG] [2021-05-11 15:39] testsqlSession()
[DEBUG] [2021-05-11 15:39] session org.apache.ibatis.session.defaults.DefaultSqlSession@65fb8b4f
[DEBUG] [2021-05-11 15:39] test01selectStudentById()
[DEBUG] [2021-05-11 15:39] ==>  Preparing: select stud_id as studId, name, email, dob, phone from students WHERE stud_id=?
[DEBUG] [2021-05-11 15:39] ==> Parameters: 1(Integer)
[TRACE] [2021-05-11 15:39] <==    Columns: studId, name, email, dob, phone
[TRACE] [2021-05-11 15:39] <==        Row: 1, Timothy, timothy@gmail.com, 1988-05-25, 123-123-1234
[DEBUG] [2021-05-11 15:39] <==      Total: 1
[DEBUG] [2021-05-11 15:39] Student [1, Timothy, timothy@gmail.com, Wed May 25 00:00:00 KDT 1988, 123-123-1234]
[DEBUG] [2021-05-11 15:39] test02selectStudentByIdwithResultMap()
[DEBUG] [2021-05-11 15:39] ==>  Preparing: select stud_id,name,email,dob, substring(phone,1,3)as f, /*1π¯¿⁄∏Æ∫Œ≈Õ 3∞≥ 5π¯¿⁄∏Æ∫Œ≈Õ 3∞≥ 9π¯¿⁄∏Æ∫Œ≈Õ 4∞≥*/ substring(phone,5,3)as m , substring(phone,9,4)as l from students where stud_id = ?;
[DEBUG] [2021-05-11 15:39] ==> Parameters: 1(Integer)
[TRACE] [2021-05-11 15:39] <==    Columns: stud_id, name, email, dob, f, m, l
[TRACE] [2021-05-11 15:39] <==        Row: 1, Timothy, timothy@gmail.com, 1988-05-25, 123, 123, 1234
[DEBUG] [2021-05-11 15:39] <==      Total: 1
[DEBUG] [2021-05-11 15:39] Student [1, Timothy, timothy@gmail.com, Wed May 25 00:00:00 KDT 1988, 123-123-1234]
[DEBUG] [2021-05-11 15:39] test03SelectStudentByAll()
[DEBUG] [2021-05-11 15:39] ==>  Preparing: select stud_id as studId, name, email, dob, phone from students
[DEBUG] [2021-05-11 15:39] ==> Parameters: 
[TRACE] [2021-05-11 15:39] <==    Columns: studId, name, email, dob, phone
[TRACE] [2021-05-11 15:39] <==        Row: 1, Timothy, timothy@gmail.com, 1988-05-25, 123-123-1234
[TRACE] [2021-05-11 15:39] <==        Row: 2, Douglas, douglas@gmail.com, 1990-08-15, 789-456-1234
[TRACE] [2021-05-11 15:39] <==        Row: 3, »´±Êµø3, lee@test.co.kr, 1990-03-28, 010-1234-1234
[DEBUG] [2021-05-11 15:39] <==      Total: 3
[DEBUG] [2021-05-11 15:39] test04InsertStudent()
[DEBUG] [2021-05-11 15:39] ==>  Preparing: insert into students(stud_id, name, email, phone, dob) values(?, ?, ?, ?, ?)
[DEBUG] [2021-05-11 15:39] ==> Parameters: 3(Integer), »´±Êµø3(String), lee@test.co.kr(String), 010-1234-1234(String), 1990-03-28 15:39:30.513(Timestamp)
[DEBUG] [2021-05-11 15:39] test5UpdateStudent()
[DEBUG] [2021-05-11 15:39] ==>  Preparing: update students set name=?, email=?,phone=?, dob=? WHERE stud_id=?
[DEBUG] [2021-05-11 15:39] ==> Parameters: Timothy(String), test@test.co.kr(String), 987-654-3211(String), 2021-05-11 15:39:30.599(Timestamp), 1(Integer)
[DEBUG] [2021-05-11 15:39] <==    Updates: 1
[DEBUG] [2021-05-11 15:39] ==>  Preparing: update students set name=?, email=?,phone=?, dob=? WHERE stud_id=?
[DEBUG] [2021-05-11 15:39] ==> Parameters: Timothy(String), timothy@gmail.com(String), 123-123-1234(String), 1988-05-25 00:00:00.0(Timestamp), 1(Integer)
[DEBUG] [2021-05-11 15:39] <==    Updates: 1
[DEBUG] [2021-05-11 15:39] test6DeleteStudent()
[DEBUG] [2021-05-11 15:39] ==>  Preparing: delete from students WHERE stud_id=?
[DEBUG] [2021-05-11 15:39] ==> Parameters: 3(Integer)
[DEBUG] [2021-05-11 15:39] <==    Updates: 1
[DEBUG] [2021-05-11 15:39] test01selectStudentById()
[DEBUG] [2021-05-11 15:39] ==>  Preparing: select stud_id as studId, name, email, dob, phone from students WHERE stud_id=?
[DEBUG] [2021-05-11 15:39] ==> Parameters: 1(Integer)
[TRACE] [2021-05-11 15:39] <==    Columns: studId, name, email, dob, phone
[TRACE] [2021-05-11 15:39] <==        Row: 1, Timothy, timothy@gmail.com, 1988-05-25, 123-123-1234
[DEBUG] [2021-05-11 15:39] <==      Total: 1
[DEBUG] [2021-05-11 15:39] Student [1, Timothy, timothy@gmail.com, Wed May 25 00:00:00 KDT 1988, 123-123-1234]
[DEBUG] [2021-05-11 15:39] test02selectStudentByIdwithResultMap()
[DEBUG] [2021-05-11 15:39] ==>  Preparing: select stud_id,name,email,dob, substring(phone,1,3)as f, /*1Î≤àÏûêÎ¶¨Î∂ÄÌÑ∞ 3Í∞ú 5Î≤àÏûêÎ¶¨Î∂ÄÌÑ∞ 3Í∞ú 9Î≤àÏûêÎ¶¨Î∂ÄÌÑ∞ 4Í∞ú*/ substring(phone,5,3)as m , substring(phone,9,4)as l from students where stud_id = ?;
[DEBUG] [2021-05-11 15:39] ==> Parameters: 1(Integer)
[TRACE] [2021-05-11 15:39] <==    Columns: stud_id, name, email, dob, f, m, l
[TRACE] [2021-05-11 15:39] <==        Row: 1, Timothy, timothy@gmail.com, 1988-05-25, 123, 123, 1234
[DEBUG] [2021-05-11 15:39] <==      Total: 1
[DEBUG] [2021-05-11 15:39] Student [1, Timothy, timothy@gmail.com, Wed May 25 00:00:00 KDT 1988, 123-123-1234]
[DEBUG] [2021-05-11 15:39] test03SelectStudentByAll()
[DEBUG] [2021-05-11 15:39] ==>  Preparing: select stud_id as studId, name, email, dob, phone from students
[DEBUG] [2021-05-11 15:39] ==> Parameters: 
[TRACE] [2021-05-11 15:39] <==    Columns: studId, name, email, dob, phone
[TRACE] [2021-05-11 15:39] <==        Row: 1, Timothy, timothy@gmail.com, 1988-05-25, 123-123-1234
[TRACE] [2021-05-11 15:39] <==        Row: 2, Douglas, douglas@gmail.com, 1990-08-15, 789-456-1234
[DEBUG] [2021-05-11 15:39] <==      Total: 2
[DEBUG] [2021-05-11 15:39] test04InsertStudent()
[DEBUG] [2021-05-11 15:39] ==>  Preparing: insert into students(stud_id, name, email, phone, dob) values(?, ?, ?, ?, ?)
[DEBUG] [2021-05-11 15:39] ==> Parameters: 3(Integer), ÌôçÍ∏∏Îèô3(String), lee@test.co.kr(String), 010-1234-1234(String), 1990-03-28 15:39:57.219(Timestamp)
[DEBUG] [2021-05-11 15:39] <==    Updates: 1
[DEBUG] [2021-05-11 15:39] test5UpdateStudent()
[DEBUG] [2021-05-11 15:39] ==>  Preparing: update students set name=?, email=?,phone=?, dob=? WHERE stud_id=?
[DEBUG] [2021-05-11 15:39] ==> Parameters: Timothy(String), test@test.co.kr(String), 987-654-3211(String), 2021-05-11 15:39:57.235(Timestamp), 1(Integer)
[DEBUG] [2021-05-11 15:39] <==    Updates: 1
[DEBUG] [2021-05-11 15:39] ==>  Preparing: update students set name=?, email=?,phone=?, dob=? WHERE stud_id=?
[DEBUG] [2021-05-11 15:39] ==> Parameters: Timothy(String), timothy@gmail.com(String), 123-123-1234(String), 1988-05-25 00:00:00.0(Timestamp), 1(Integer)
[DEBUG] [2021-05-11 15:39] <==    Updates: 1
[DEBUG] [2021-05-11 15:39] test6DeleteStudent()
[DEBUG] [2021-05-11 15:39] ==>  Preparing: delete from students WHERE stud_id=?
[DEBUG] [2021-05-11 15:39] ==> Parameters: 3(Integer)
[DEBUG] [2021-05-11 15:39] <==    Updates: 1
[DEBUG] [2021-05-11 15:40] test01selectStudentById()
[DEBUG] [2021-05-11 15:40] ==>  Preparing: select stud_id as studId, name, email, dob, phone from students WHERE stud_id=?
[DEBUG] [2021-05-11 15:40] ==> Parameters: 1(Integer)
[TRACE] [2021-05-11 15:40] <==    Columns: studId, name, email, dob, phone
[TRACE] [2021-05-11 15:40] <==        Row: 1, Timothy, timothy@gmail.com, 1988-05-25, 123-123-1234
[DEBUG] [2021-05-11 15:40] <==      Total: 1
[DEBUG] [2021-05-11 15:40] Student [1, Timothy, timothy@gmail.com, Wed May 25 00:00:00 KDT 1988, 123-123-1234]
[DEBUG] [2021-05-11 15:40] test02selectStudentByIdwithResultMap()
[DEBUG] [2021-05-11 15:40] ==>  Preparing: select stud_id,name,email,dob, substring(phone,1,3)as f, /*1π¯¿⁄∏Æ∫Œ≈Õ 3∞≥ 5π¯¿⁄∏Æ∫Œ≈Õ 3∞≥ 9π¯¿⁄∏Æ∫Œ≈Õ 4∞≥*/ substring(phone,5,3)as m , substring(phone,9,4)as l from students where stud_id = ?;
[DEBUG] [2021-05-11 15:40] ==> Parameters: 1(Integer)
[TRACE] [2021-05-11 15:40] <==    Columns: stud_id, name, email, dob, f, m, l
[TRACE] [2021-05-11 15:40] <==        Row: 1, Timothy, timothy@gmail.com, 1988-05-25, 123, 123, 1234
[DEBUG] [2021-05-11 15:40] <==      Total: 1
[DEBUG] [2021-05-11 15:40] Student [1, Timothy, timothy@gmail.com, Wed May 25 00:00:00 KDT 1988, 123-123-1234]
[DEBUG] [2021-05-11 15:40] test03SelectStudentByAll()
[DEBUG] [2021-05-11 15:40] ==>  Preparing: select stud_id as studId, name, email, dob, phone from students
[DEBUG] [2021-05-11 15:40] ==> Parameters: 
[TRACE] [2021-05-11 15:40] <==    Columns: studId, name, email, dob, phone
[TRACE] [2021-05-11 15:40] <==        Row: 1, Timothy, timothy@gmail.com, 1988-05-25, 123-123-1234
[TRACE] [2021-05-11 15:40] <==        Row: 2, Douglas, douglas@gmail.com, 1990-08-15, 789-456-1234
[DEBUG] [2021-05-11 15:40] <==      Total: 2
[DEBUG] [2021-05-11 15:40] test04InsertStudent()
[DEBUG] [2021-05-11 15:40] ==>  Preparing: insert into students(stud_id, name, email, phone, dob) values(?, ?, ?, ?, ?)
[DEBUG] [2021-05-11 15:40] ==> Parameters: 3(Integer), »´±Êµø3(String), lee@test.co.kr(String), 010-1234-1234(String), 1990-03-28 15:40:04.791(Timestamp)
[DEBUG] [2021-05-11 15:40] <==    Updates: 1
[DEBUG] [2021-05-11 15:40] test5UpdateStudent()
[DEBUG] [2021-05-11 15:40] ==>  Preparing: update students set name=?, email=?,phone=?, dob=? WHERE stud_id=?
[DEBUG] [2021-05-11 15:40] ==> Parameters: Timothy(String), test@test.co.kr(String), 987-654-3211(String), 2021-05-11 15:40:04.8(Timestamp), 1(Integer)
[DEBUG] [2021-05-11 15:40] <==    Updates: 1
[DEBUG] [2021-05-11 15:40] ==>  Preparing: update students set name=?, email=?,phone=?, dob=? WHERE stud_id=?
[DEBUG] [2021-05-11 15:40] ==> Parameters: Timothy(String), timothy@gmail.com(String), 123-123-1234(String), 1988-05-25 00:00:00.0(Timestamp), 1(Integer)
[DEBUG] [2021-05-11 15:40] <==    Updates: 1
[DEBUG] [2021-05-11 15:40] test6DeleteStudent()
[DEBUG] [2021-05-11 15:40] ==>  Preparing: delete from students WHERE stud_id=?
[DEBUG] [2021-05-11 15:40] ==> Parameters: 3(Integer)
[DEBUG] [2021-05-11 15:40] <==    Updates: 1
[DEBUG] [2021-05-11 15:40] testDataSource()
[DEBUG] [2021-05-11 15:40] DataSource HikariDataSource (HikariPool-1)
[DEBUG] [2021-05-11 15:40] LoginTimeout 30
[DEBUG] [2021-05-11 15:40] testsqlSession()
[DEBUG] [2021-05-11 15:40] session org.apache.ibatis.session.defaults.DefaultSqlSession@7db79f13
[DEBUG] [2021-05-11 15:44] test01selectStudentById()
[DEBUG] [2021-05-11 15:44] ==>  Preparing: select stud_id as studId, name, email, dob, phone from students WHERE stud_id=?
[DEBUG] [2021-05-11 15:44] ==> Parameters: 1(Integer)
[TRACE] [2021-05-11 15:44] <==    Columns: studId, name, email, dob, phone
[TRACE] [2021-05-11 15:44] <==        Row: 1, Timothy, timothy@gmail.com, 1988-05-25, 123-123-1234
[DEBUG] [2021-05-11 15:44] <==      Total: 1
[DEBUG] [2021-05-11 15:44] Student [1, Timothy, timothy@gmail.com, Wed May 25 00:00:00 KDT 1988, 123-123-1234]
[DEBUG] [2021-05-11 15:44] test02selectStudentByIdwithResultMap()
[DEBUG] [2021-05-11 15:44] ==>  Preparing: select stud_id,name,email,dob, substring(phone,1,3)as f, /*1Î≤àÏûêÎ¶¨Î∂ÄÌÑ∞ 3Í∞ú 5Î≤àÏûêÎ¶¨Î∂ÄÌÑ∞ 3Í∞ú 9Î≤àÏûêÎ¶¨Î∂ÄÌÑ∞ 4Í∞ú*/ substring(phone,5,3)as m , substring(phone,9,4)as l from students where stud_id = ?;
[DEBUG] [2021-05-11 15:44] ==> Parameters: 1(Integer)
[TRACE] [2021-05-11 15:44] <==    Columns: stud_id, name, email, dob, f, m, l
[TRACE] [2021-05-11 15:44] <==        Row: 1, Timothy, timothy@gmail.com, 1988-05-25, 123, 123, 1234
[DEBUG] [2021-05-11 15:44] <==      Total: 1
[DEBUG] [2021-05-11 15:44] Student [1, Timothy, timothy@gmail.com, Wed May 25 00:00:00 KDT 1988, 123-123-1234]
[DEBUG] [2021-05-11 15:44] test03SelectStudentByAll()
[DEBUG] [2021-05-11 15:44] ==>  Preparing: select stud_id as studId, name, email, dob, phone from students
[DEBUG] [2021-05-11 15:44] ==> Parameters: 
[TRACE] [2021-05-11 15:44] <==    Columns: studId, name, email, dob, phone
[TRACE] [2021-05-11 15:44] <==        Row: 1, Timothy, timothy@gmail.com, 1988-05-25, 123-123-1234
[TRACE] [2021-05-11 15:44] <==        Row: 2, Douglas, douglas@gmail.com, 1990-08-15, 789-456-1234
[DEBUG] [2021-05-11 15:44] <==      Total: 2
[DEBUG] [2021-05-11 15:44] test04InsertStudent()
[DEBUG] [2021-05-11 15:44] ==>  Preparing: insert into students(stud_id, name, email, phone, dob) values(?, ?, ?, ?, ?)
[DEBUG] [2021-05-11 15:44] ==> Parameters: 3(Integer), ÌôçÍ∏∏Îèô3(String), lee@test.co.kr(String), 010-1234-1234(String), 1990-03-28 15:44:21.617(Timestamp)
[DEBUG] [2021-05-11 15:44] <==    Updates: 1
[DEBUG] [2021-05-11 15:45] test01selectStudentById()
[DEBUG] [2021-05-11 15:45] ==>  Preparing: select stud_id as studId, name, email, dob, phone from students WHERE stud_id=?
[DEBUG] [2021-05-11 15:45] ==> Parameters: 1(Integer)
[TRACE] [2021-05-11 15:45] <==    Columns: studId, name, email, dob, phone
[TRACE] [2021-05-11 15:45] <==        Row: 1, Timothy, timothy@gmail.com, 1988-05-25, 123-123-1234
[DEBUG] [2021-05-11 15:45] <==      Total: 1
[DEBUG] [2021-05-11 15:45] Student [1, Timothy, timothy@gmail.com, Wed May 25 00:00:00 KDT 1988, 123-123-1234]
[DEBUG] [2021-05-11 15:45] test02selectStudentByIdwithResultMap()
[DEBUG] [2021-05-11 15:45] ==>  Preparing: select stud_id,name,email,dob, substring(phone,1,3)as f, /*1Î≤àÏûêÎ¶¨Î∂ÄÌÑ∞ 3Í∞ú 5Î≤àÏûêÎ¶¨Î∂ÄÌÑ∞ 3Í∞ú 9Î≤àÏûêÎ¶¨Î∂ÄÌÑ∞ 4Í∞ú*/ substring(phone,5,3)as m , substring(phone,9,4)as l from students where stud_id = ?;
[DEBUG] [2021-05-11 15:45] ==> Parameters: 1(Integer)
[TRACE] [2021-05-11 15:45] <==    Columns: stud_id, name, email, dob, f, m, l
[TRACE] [2021-05-11 15:45] <==        Row: 1, Timothy, timothy@gmail.com, 1988-05-25, 123, 123, 1234
[DEBUG] [2021-05-11 15:45] <==      Total: 1
[DEBUG] [2021-05-11 15:45] Student [1, Timothy, timothy@gmail.com, Wed May 25 00:00:00 KDT 1988, 123-123-1234]
[DEBUG] [2021-05-11 15:45] test03SelectStudentByAll()
[DEBUG] [2021-05-11 15:45] ==>  Preparing: select stud_id as studId, name, email, dob, phone from students
[DEBUG] [2021-05-11 15:45] ==> Parameters: 
[TRACE] [2021-05-11 15:45] <==    Columns: studId, name, email, dob, phone
[TRACE] [2021-05-11 15:45] <==        Row: 1, Timothy, timothy@gmail.com, 1988-05-25, 123-123-1234
[TRACE] [2021-05-11 15:45] <==        Row: 2, Douglas, douglas@gmail.com, 1990-08-15, 789-456-1234
[TRACE] [2021-05-11 15:45] <==        Row: 3, ÌôçÍ∏∏Îèô3, lee@test.co.kr, 1990-03-28, 010-1234-1234
[DEBUG] [2021-05-11 15:45] <==      Total: 3
[DEBUG] [2021-05-11 15:45] test6DeleteStudent()
[DEBUG] [2021-05-11 15:45] ==>  Preparing: delete from students WHERE stud_id=?
[DEBUG] [2021-05-11 15:45] ==> Parameters: 3(Integer)
[DEBUG] [2021-05-11 15:45] <==    Updates: 1
[DEBUG] [2021-05-11 15:45] test01selectStudentById()
[DEBUG] [2021-05-11 15:45] ==>  Preparing: select stud_id as studId, name, email, dob, phone from students WHERE stud_id=?
[DEBUG] [2021-05-11 15:45] ==> Parameters: 1(Integer)
[TRACE] [2021-05-11 15:45] <==    Columns: studId, name, email, dob, phone
[TRACE] [2021-05-11 15:45] <==        Row: 1, Timothy, timothy@gmail.com, 1988-05-25, 123-123-1234
[DEBUG] [2021-05-11 15:45] <==      Total: 1
[DEBUG] [2021-05-11 15:45] Student [1, Timothy, timothy@gmail.com, Wed May 25 00:00:00 KDT 1988, 123-123-1234]
[DEBUG] [2021-05-11 15:45] test02selectStudentByIdwithResultMap()
[DEBUG] [2021-05-11 15:45] ==>  Preparing: select stud_id,name,email,dob, substring(phone,1,3)as f, /*1Î≤àÏûêÎ¶¨Î∂ÄÌÑ∞ 3Í∞ú 5Î≤àÏûêÎ¶¨Î∂ÄÌÑ∞ 3Í∞ú 9Î≤àÏûêÎ¶¨Î∂ÄÌÑ∞ 4Í∞ú*/ substring(phone,5,3)as m , substring(phone,9,4)as l from students where stud_id = ?;
[DEBUG] [2021-05-11 15:45] ==> Parameters: 1(Integer)
[TRACE] [2021-05-11 15:45] <==    Columns: stud_id, name, email, dob, f, m, l
[TRACE] [2021-05-11 15:45] <==        Row: 1, Timothy, timothy@gmail.com, 1988-05-25, 123, 123, 1234
[DEBUG] [2021-05-11 15:45] <==      Total: 1
[DEBUG] [2021-05-11 15:45] Student [1, Timothy, timothy@gmail.com, Wed May 25 00:00:00 KDT 1988, 123-123-1234]
[DEBUG] [2021-05-11 15:45] test03SelectStudentByAll()
[DEBUG] [2021-05-11 15:45] ==>  Preparing: select stud_id as studId, name, email, dob, phone from students
[DEBUG] [2021-05-11 15:45] ==> Parameters: 
[TRACE] [2021-05-11 15:45] <==    Columns: studId, name, email, dob, phone
[TRACE] [2021-05-11 15:45] <==        Row: 1, Timothy, timothy@gmail.com, 1988-05-25, 123-123-1234
[TRACE] [2021-05-11 15:45] <==        Row: 2, Douglas, douglas@gmail.com, 1990-08-15, 789-456-1234
[DEBUG] [2021-05-11 15:45] <==      Total: 2
[DEBUG] [2021-05-11 15:45] test5UpdateStudent()
[DEBUG] [2021-05-11 15:45] ==>  Preparing: update students set name=?, email=?,phone=?, dob=? WHERE stud_id=?
[DEBUG] [2021-05-11 15:45] ==> Parameters: Timothy2(String), test@test.co.kr(String), 987-654-3211(String), 2021-05-11 15:45:47.234(Timestamp), 1(Integer)
[DEBUG] [2021-05-11 15:45] <==    Updates: 1
[DEBUG] [2021-05-11 15:45] ==>  Preparing: update students set name=?, email=?,phone=?, dob=? WHERE stud_id=?
[DEBUG] [2021-05-11 15:45] ==> Parameters: Timothy2(String), timothy@gmail.com(String), 123-123-1234(String), 1988-05-25 00:00:00.0(Timestamp), 1(Integer)
[DEBUG] [2021-05-11 15:45] <==    Updates: 1
[DEBUG] [2021-05-11 15:46] test01selectStudentById()
[DEBUG] [2021-05-11 15:46] ==>  Preparing: select stud_id as studId, name, email, dob, phone from students WHERE stud_id=?
[DEBUG] [2021-05-11 15:46] ==> Parameters: 1(Integer)
[TRACE] [2021-05-11 15:46] <==    Columns: studId, name, email, dob, phone
[TRACE] [2021-05-11 15:46] <==        Row: 1, Timothy2, timothy@gmail.com, 1988-05-25, 123-123-1234
[DEBUG] [2021-05-11 15:46] <==      Total: 1
[DEBUG] [2021-05-11 15:46] Student [1, Timothy2, timothy@gmail.com, Wed May 25 00:00:00 KDT 1988, 123-123-1234]
[DEBUG] [2021-05-11 15:46] test02selectStudentByIdwithResultMap()
[DEBUG] [2021-05-11 15:46] ==>  Preparing: select stud_id,name,email,dob, substring(phone,1,3)as f, /*1Î≤àÏûêÎ¶¨Î∂ÄÌÑ∞ 3Í∞ú 5Î≤àÏûêÎ¶¨Î∂ÄÌÑ∞ 3Í∞ú 9Î≤àÏûêÎ¶¨Î∂ÄÌÑ∞ 4Í∞ú*/ substring(phone,5,3)as m , substring(phone,9,4)as l from students where stud_id = ?;
[DEBUG] [2021-05-11 15:46] ==> Parameters: 1(Integer)
[TRACE] [2021-05-11 15:46] <==    Columns: stud_id, name, email, dob, f, m, l
[TRACE] [2021-05-11 15:46] <==        Row: 1, Timothy2, timothy@gmail.com, 1988-05-25, 123, 123, 1234
[DEBUG] [2021-05-11 15:46] <==      Total: 1
[DEBUG] [2021-05-11 15:46] Student [1, Timothy2, timothy@gmail.com, Wed May 25 00:00:00 KDT 1988, 123-123-1234]
[DEBUG] [2021-05-11 15:46] test03SelectStudentByAll()
[DEBUG] [2021-05-11 15:46] ==>  Preparing: select stud_id as studId, name, email, dob, phone from students
[DEBUG] [2021-05-11 15:46] ==> Parameters: 
[TRACE] [2021-05-11 15:46] <==    Columns: studId, name, email, dob, phone
[TRACE] [2021-05-11 15:46] <==        Row: 1, Timothy2, timothy@gmail.com, 1988-05-25, 123-123-1234
[TRACE] [2021-05-11 15:46] <==        Row: 2, Douglas, douglas@gmail.com, 1990-08-15, 789-456-1234
[DEBUG] [2021-05-11 15:46] <==      Total: 2
[DEBUG] [2021-05-11 15:46] test5UpdateStudent()
[DEBUG] [2021-05-11 15:46] ==>  Preparing: update students set name=?, email=?,phone=?, dob=? WHERE stud_id=?
[DEBUG] [2021-05-11 15:46] ==> Parameters: Timothy2(String), test@test.co.kr(String), 987-654-3211(String), 2021-05-11 15:46:08.492(Timestamp), 1(Integer)
[DEBUG] [2021-05-11 15:46] <==    Updates: 1
[DEBUG] [2021-05-11 15:46] ==>  Preparing: update students set name=?, email=?,phone=?, dob=? WHERE stud_id=?
[DEBUG] [2021-05-11 15:46] ==> Parameters: Timothy2(String), timothy@gmail.com(String), 123-123-1234(String), 1988-05-25 00:00:00.0(Timestamp), 1(Integer)
[DEBUG] [2021-05-11 15:46] <==    Updates: 1
[DEBUG] [2021-05-11 15:46] test01selectStudentById()
[DEBUG] [2021-05-11 15:46] ==>  Preparing: select stud_id as studId, name, email, dob, phone from students WHERE stud_id=?
[DEBUG] [2021-05-11 15:46] ==> Parameters: 1(Integer)
[TRACE] [2021-05-11 15:46] <==    Columns: studId, name, email, dob, phone
[TRACE] [2021-05-11 15:46] <==        Row: 1, Timothy2, timothy@gmail.com, 1988-05-25, 123-123-1234
[DEBUG] [2021-05-11 15:46] <==      Total: 1
[DEBUG] [2021-05-11 15:46] Student [1, Timothy2, timothy@gmail.com, Wed May 25 00:00:00 KDT 1988, 123-123-1234]
[DEBUG] [2021-05-11 15:46] test02selectStudentByIdwithResultMap()
[DEBUG] [2021-05-11 15:46] ==>  Preparing: select stud_id,name,email,dob, substring(phone,1,3)as f, /*1Î≤àÏûêÎ¶¨Î∂ÄÌÑ∞ 3Í∞ú 5Î≤àÏûêÎ¶¨Î∂ÄÌÑ∞ 3Í∞ú 9Î≤àÏûêÎ¶¨Î∂ÄÌÑ∞ 4Í∞ú*/ substring(phone,5,3)as m , substring(phone,9,4)as l from students where stud_id = ?;
[DEBUG] [2021-05-11 15:46] ==> Parameters: 1(Integer)
[TRACE] [2021-05-11 15:46] <==    Columns: stud_id, name, email, dob, f, m, l
[TRACE] [2021-05-11 15:46] <==        Row: 1, Timothy2, timothy@gmail.com, 1988-05-25, 123, 123, 1234
[DEBUG] [2021-05-11 15:46] <==      Total: 1
[DEBUG] [2021-05-11 15:46] Student [1, Timothy2, timothy@gmail.com, Wed May 25 00:00:00 KDT 1988, 123-123-1234]
[DEBUG] [2021-05-11 15:46] test03SelectStudentByAll()
[DEBUG] [2021-05-11 15:46] ==>  Preparing: select stud_id as studId, name, email, dob, phone from students
[DEBUG] [2021-05-11 15:46] ==> Parameters: 
[TRACE] [2021-05-11 15:46] <==    Columns: studId, name, email, dob, phone
[TRACE] [2021-05-11 15:46] <==        Row: 1, Timothy2, timothy@gmail.com, 1988-05-25, 123-123-1234
[TRACE] [2021-05-11 15:46] <==        Row: 2, Douglas, douglas@gmail.com, 1990-08-15, 789-456-1234
[DEBUG] [2021-05-11 15:46] <==      Total: 2
[DEBUG] [2021-05-11 15:46] test5UpdateStudent()
[DEBUG] [2021-05-11 15:46] ==>  Preparing: update students set name=?, email=?,phone=?, dob=? WHERE stud_id=?
[DEBUG] [2021-05-11 15:46] ==> Parameters: Timothy2(String), test@test.co.kr(String), 987-654-3211(String), 2021-05-11 15:46:23.484(Timestamp), 1(Integer)
[DEBUG] [2021-05-11 15:46] <==    Updates: 1
[DEBUG] [2021-05-11 15:46] ==>  Preparing: update students set name=?, email=?,phone=?, dob=? WHERE stud_id=?
[DEBUG] [2021-05-11 15:46] ==> Parameters: Timothy2(String), timothy@gmail.com(String), 123-123-1234(String), 1988-05-25 00:00:00.0(Timestamp), 1(Integer)
[DEBUG] [2021-05-11 15:46] <==    Updates: 1
[DEBUG] [2021-05-11 15:46] test01selectStudentById()
[DEBUG] [2021-05-11 15:46] ==>  Preparing: select stud_id as studId, name, email, dob, phone from students WHERE stud_id=?
[DEBUG] [2021-05-11 15:46] ==> Parameters: 1(Integer)
[TRACE] [2021-05-11 15:46] <==    Columns: studId, name, email, dob, phone
[TRACE] [2021-05-11 15:46] <==        Row: 1, Timothy2, timothy@gmail.com, 1988-05-25, 123-123-1234
[DEBUG] [2021-05-11 15:46] <==      Total: 1
[DEBUG] [2021-05-11 15:46] Student [1, Timothy2, timothy@gmail.com, Wed May 25 00:00:00 KDT 1988, 123-123-1234]
[DEBUG] [2021-05-11 15:46] test02selectStudentByIdwithResultMap()
[DEBUG] [2021-05-11 15:46] ==>  Preparing: select stud_id,name,email,dob, substring(phone,1,3)as f, /*1Î≤àÏûêÎ¶¨Î∂ÄÌÑ∞ 3Í∞ú 5Î≤àÏûêÎ¶¨Î∂ÄÌÑ∞ 3Í∞ú 9Î≤àÏûêÎ¶¨Î∂ÄÌÑ∞ 4Í∞ú*/ substring(phone,5,3)as m , substring(phone,9,4)as l from students where stud_id = ?;
[DEBUG] [2021-05-11 15:46] ==> Parameters: 1(Integer)
[TRACE] [2021-05-11 15:46] <==    Columns: stud_id, name, email, dob, f, m, l
[TRACE] [2021-05-11 15:46] <==        Row: 1, Timothy2, timothy@gmail.com, 1988-05-25, 123, 123, 1234
[DEBUG] [2021-05-11 15:46] <==      Total: 1
[DEBUG] [2021-05-11 15:46] Student [1, Timothy2, timothy@gmail.com, Wed May 25 00:00:00 KDT 1988, 123-123-1234]
[DEBUG] [2021-05-11 15:46] test03SelectStudentByAll()
[DEBUG] [2021-05-11 15:46] ==>  Preparing: select stud_id as studId, name, email, dob, phone from students
[DEBUG] [2021-05-11 15:46] ==> Parameters: 
[TRACE] [2021-05-11 15:46] <==    Columns: studId, name, email, dob, phone
[TRACE] [2021-05-11 15:46] <==        Row: 1, Timothy2, timothy@gmail.com, 1988-05-25, 123-123-1234
[TRACE] [2021-05-11 15:46] <==        Row: 2, Douglas, douglas@gmail.com, 1990-08-15, 789-456-1234
[DEBUG] [2021-05-11 15:46] <==      Total: 2
[DEBUG] [2021-05-11 15:46] test5UpdateStudent()
[DEBUG] [2021-05-11 15:46] ==>  Preparing: update students set name=?, email=?,phone=?, dob=? WHERE stud_id=?
[DEBUG] [2021-05-11 15:46] ==> Parameters: Timothy(String), test@test.co.kr(String), 987-654-3211(String), 2021-05-11 15:46:41.99(Timestamp), 1(Integer)
[DEBUG] [2021-05-11 15:46] <==    Updates: 1
[DEBUG] [2021-05-11 15:46] ==>  Preparing: update students set name=?, email=?,phone=?, dob=? WHERE stud_id=?
[DEBUG] [2021-05-11 15:46] ==> Parameters: Timothy(String), timothy@gmail.com(String), 123-123-1234(String), 1988-05-25 00:00:00.0(Timestamp), 1(Integer)
[DEBUG] [2021-05-11 15:46] <==    Updates: 1
[DEBUG] [2021-05-11 16:14] test01selectStudentById()
[DEBUG] [2021-05-11 16:14] ==>  Preparing: select stud_id as studId, name, email, dob, phone from students WHERE stud_id=?
[DEBUG] [2021-05-11 16:14] ==> Parameters: 1(Integer)
[TRACE] [2021-05-11 16:14] <==    Columns: studId, name, email, dob, phone
[TRACE] [2021-05-11 16:14] <==        Row: 1, Timothy, timothy@gmail.com, 1988-05-25, 123-123-1234
[DEBUG] [2021-05-11 16:14] <==      Total: 1
[DEBUG] [2021-05-11 16:14] Student [1, Timothy, timothy@gmail.com, Wed May 25 00:00:00 KDT 1988, 123-123-1234]
[DEBUG] [2021-05-11 16:14] test02selectStudentByIdwithResultMap()
[DEBUG] [2021-05-11 16:14] ==>  Preparing: select stud_id,name,email,dob, substring(phone,1,3)as f, /*1Î≤àÏûêÎ¶¨Î∂ÄÌÑ∞ 3Í∞ú 5Î≤àÏûêÎ¶¨Î∂ÄÌÑ∞ 3Í∞ú 9Î≤àÏûêÎ¶¨Î∂ÄÌÑ∞ 4Í∞ú*/ substring(phone,5,3)as m , substring(phone,9,4)as l from students where stud_id = ?;
[DEBUG] [2021-05-11 16:14] ==> Parameters: 1(Integer)
[TRACE] [2021-05-11 16:14] <==    Columns: stud_id, name, email, dob, f, m, l
[TRACE] [2021-05-11 16:14] <==        Row: 1, Timothy, timothy@gmail.com, 1988-05-25, 123, 123, 1234
[DEBUG] [2021-05-11 16:14] <==      Total: 1
[DEBUG] [2021-05-11 16:14] Student [1, Timothy, timothy@gmail.com, Wed May 25 00:00:00 KDT 1988, 123-123-1234]
[DEBUG] [2021-05-11 16:14] test03SelectStudentByAll()
[DEBUG] [2021-05-11 16:14] ==>  Preparing: select stud_id as studId, name, email, dob, phone from students
[DEBUG] [2021-05-11 16:14] ==> Parameters: 
[TRACE] [2021-05-11 16:14] <==    Columns: studId, name, email, dob, phone
[TRACE] [2021-05-11 16:14] <==        Row: 1, Timothy, timothy@gmail.com, 1988-05-25, 123-123-1234
[TRACE] [2021-05-11 16:14] <==        Row: 2, Douglas, douglas@gmail.com, 1990-08-15, 789-456-1234
[DEBUG] [2021-05-11 16:14] <==      Total: 2
[DEBUG] [2021-05-11 16:14] test04InsertStudent()
[DEBUG] [2021-05-11 16:14] ==>  Preparing: insert into students(stud_id, name, email, phone, dob) values(?, ?, ?, ?, ?)
[DEBUG] [2021-05-11 16:14] ==> Parameters: 3(Integer), ÌôçÍ∏∏Îèô3(String), lee@test.co.kr(String), 010-1234-1234(String), 1990-03-28 16:14:49.924(Timestamp)
[DEBUG] [2021-05-11 16:14] <==    Updates: 1
[DEBUG] [2021-05-11 16:14] test5UpdateStudent()
[DEBUG] [2021-05-11 16:14] ==>  Preparing: update students set name=?, email=?,phone=?, dob=? WHERE stud_id=?
[DEBUG] [2021-05-11 16:14] ==> Parameters: Timothy(String), test@test.co.kr(String), 987-654-3211(String), 2021-05-11 16:14:49.93(Timestamp), 1(Integer)
[DEBUG] [2021-05-11 16:14] <==    Updates: 1
[DEBUG] [2021-05-11 16:14] ==>  Preparing: update students set name=?, email=?,phone=?, dob=? WHERE stud_id=?
[DEBUG] [2021-05-11 16:14] ==> Parameters: Timothy(String), timothy@gmail.com(String), 123-123-1234(String), 1988-05-25 00:00:00.0(Timestamp), 1(Integer)
[DEBUG] [2021-05-11 16:14] <==    Updates: 1
[DEBUG] [2021-05-11 16:14] test6DeleteStudent()
[DEBUG] [2021-05-11 16:14] ==>  Preparing: delete from students WHERE stud_id=?
[DEBUG] [2021-05-11 16:14] ==> Parameters: 3(Integer)
[DEBUG] [2021-05-11 16:14] <==    Updates: 1
[DEBUG] [2021-05-11 16:14] test7SelectStudentByAllForHashMap()
[DEBUG] [2021-05-11 16:14] ==>  Preparing: select stud_id as studId, name, email, dob, phone from students
[DEBUG] [2021-05-11 16:14] ==> Parameters: 
[TRACE] [2021-05-11 16:14] <==    Columns: studId, name, email, dob, phone
[TRACE] [2021-05-11 16:14] <==        Row: 1, Timothy, timothy@gmail.com, 1988-05-25, 123-123-1234
[TRACE] [2021-05-11 16:14] <==        Row: 2, Douglas, douglas@gmail.com, 1990-08-15, 789-456-1234
[DEBUG] [2021-05-11 16:14] <==      Total: 2
[DEBUG] [2021-05-11 16:14] phone -> 123-123-1234
[DEBUG] [2021-05-11 16:14] dob -> 1988-05-25
[DEBUG] [2021-05-11 16:14] name -> Timothy
[DEBUG] [2021-05-11 16:14] studId -> 1
[DEBUG] [2021-05-11 16:14] email -> timothy@gmail.com
[DEBUG] [2021-05-11 16:14] phone -> 789-456-1234
[DEBUG] [2021-05-11 16:14] dob -> 1990-08-15
[DEBUG] [2021-05-11 16:14] name -> Douglas
[DEBUG] [2021-05-11 16:14] studId -> 2
[DEBUG] [2021-05-11 16:14] email -> douglas@gmail.com
[DEBUG] [2021-05-11 16:42] test01selectStudentById()
[DEBUG] [2021-05-11 16:42] ==>  Preparing: select stud_id as studId, name, email, dob, phone from students WHERE stud_id=?
[DEBUG] [2021-05-11 16:42] ==> Parameters: 1(Integer)
[TRACE] [2021-05-11 16:42] <==    Columns: studId, name, email, dob, phone
[TRACE] [2021-05-11 16:42] <==        Row: 1, Timothy, timothy@gmail.com, 1988-05-25, 123-123-1234
[DEBUG] [2021-05-11 16:42] <==      Total: 1
[DEBUG] [2021-05-11 16:42] Student [1, Timothy, timothy@gmail.com, Wed May 25 00:00:00 KDT 1988, 123-123-1234 null]
[DEBUG] [2021-05-11 16:42] test02selectStudentByIdwithResultMap()
[DEBUG] [2021-05-11 16:42] ==>  Preparing: select stud_id,name,email,dob, substring(phone,1,3)as f, /*1Î≤àÏûêÎ¶¨Î∂ÄÌÑ∞ 3Í∞ú 5Î≤àÏûêÎ¶¨Î∂ÄÌÑ∞ 3Í∞ú 9Î≤àÏûêÎ¶¨Î∂ÄÌÑ∞ 4Í∞ú*/ substring(phone,5,3)as m , substring(phone,9,4)as l from students where stud_id = ?;
[DEBUG] [2021-05-11 16:42] ==> Parameters: 1(Integer)
[TRACE] [2021-05-11 16:42] <==    Columns: stud_id, name, email, dob, f, m, l
[TRACE] [2021-05-11 16:42] <==        Row: 1, Timothy, timothy@gmail.com, 1988-05-25, 123, 123, 1234
[DEBUG] [2021-05-11 16:42] <==      Total: 1
[DEBUG] [2021-05-11 16:42] Student [1, Timothy, timothy@gmail.com, Wed May 25 00:00:00 KDT 1988, 123-123-1234 null]
[DEBUG] [2021-05-11 16:42] test03SelectStudentByAll()
[DEBUG] [2021-05-11 16:42] ==>  Preparing: select stud_id as studId, name, email, dob, phone from students
[DEBUG] [2021-05-11 16:42] ==> Parameters: 
[TRACE] [2021-05-11 16:42] <==    Columns: studId, name, email, dob, phone
[TRACE] [2021-05-11 16:42] <==        Row: 1, Timothy, timothy@gmail.com, 1988-05-25, 123-123-1234
[TRACE] [2021-05-11 16:42] <==        Row: 2, Douglas, douglas@gmail.com, 1990-08-15, 789-456-1234
[DEBUG] [2021-05-11 16:42] <==      Total: 2
[DEBUG] [2021-05-11 16:42] test04InsertStudent()
[DEBUG] [2021-05-11 16:42] ==>  Preparing: insert into students(stud_id, name, email, phone, dob) values(?, ?, ?, ?, ?)
[DEBUG] [2021-05-11 16:42] ==> Parameters: 3(Integer), ÌôçÍ∏∏Îèô3(String), lee@test.co.kr(String), 010-1234-1234(String), 1990-03-28 16:42:42.157(Timestamp)
[DEBUG] [2021-05-11 16:42] <==    Updates: 1
[DEBUG] [2021-05-11 16:42] test5UpdateStudent()
[DEBUG] [2021-05-11 16:42] ==>  Preparing: update students set name=?, email=?,phone=?, dob=? WHERE stud_id=?
[DEBUG] [2021-05-11 16:42] ==> Parameters: Timothy(String), test@test.co.kr(String), 987-654-3211(String), 2021-05-11 16:42:42.171(Timestamp), 1(Integer)
[DEBUG] [2021-05-11 16:42] <==    Updates: 1
[DEBUG] [2021-05-11 16:42] ==>  Preparing: update students set name=?, email=?,phone=?, dob=? WHERE stud_id=?
[DEBUG] [2021-05-11 16:42] ==> Parameters: Timothy(String), timothy@gmail.com(String), 123-123-1234(String), 1988-05-25 00:00:00.0(Timestamp), 1(Integer)
[DEBUG] [2021-05-11 16:42] <==    Updates: 1
[DEBUG] [2021-05-11 16:42] test6DeleteStudent()
[DEBUG] [2021-05-11 16:42] ==>  Preparing: delete from students WHERE stud_id=?
[DEBUG] [2021-05-11 16:42] ==> Parameters: 3(Integer)
[DEBUG] [2021-05-11 16:42] <==    Updates: 1
[DEBUG] [2021-05-11 16:42] test7SelectStudentByAllForHashMap()
[DEBUG] [2021-05-11 16:42] ==>  Preparing: select stud_id as studId, name, email, dob, phone from students
[DEBUG] [2021-05-11 16:42] ==> Parameters: 
[TRACE] [2021-05-11 16:42] <==    Columns: studId, name, email, dob, phone
[TRACE] [2021-05-11 16:42] <==        Row: 1, Timothy, timothy@gmail.com, 1988-05-25, 123-123-1234
[TRACE] [2021-05-11 16:42] <==        Row: 2, Douglas, douglas@gmail.com, 1990-08-15, 789-456-1234
[DEBUG] [2021-05-11 16:42] <==      Total: 2
[DEBUG] [2021-05-11 16:42] phone -> 123-123-1234
[DEBUG] [2021-05-11 16:42] dob -> 1988-05-25
[DEBUG] [2021-05-11 16:42] name -> Timothy
[DEBUG] [2021-05-11 16:42] studId -> 1
[DEBUG] [2021-05-11 16:42] email -> timothy@gmail.com
[DEBUG] [2021-05-11 16:42] phone -> 789-456-1234
[DEBUG] [2021-05-11 16:42] dob -> 1990-08-15
[DEBUG] [2021-05-11 16:42] name -> Douglas
[DEBUG] [2021-05-11 16:42] studId -> 2
[DEBUG] [2021-05-11 16:42] email -> douglas@gmail.com
[DEBUG] [2021-05-11 16:42] test8SelectStudentByNoAssociation()
[DEBUG] [2021-05-11 16:42] ==>  Preparing: select stud_id,name,email,phone,dob, a.addr_id, street,city,state,zip,country from students s join addresses a on s.addr_id =a.addr_id where stud_id=?;
[DEBUG] [2021-05-11 16:42] ==> Parameters: 1(Integer)
[TRACE] [2021-05-11 16:42] <==    Columns: stud_id, name, email, phone, dob, addr_id, street, city, state, zip, country
[TRACE] [2021-05-11 16:42] <==        Row: 1, Timothy, timothy@gmail.com, 123-123-1234, 1988-05-25, 3, 710 N Cable Rd, Lima, OH, 45825, Allen
[DEBUG] [2021-05-11 16:42] <==      Total: 1
[DEBUG] [2021-05-11 16:42] Student [1, Timothy, timothy@gmail.com, Wed May 25 00:00:00 KDT 1988, 123-123-1234 Address 3, 710 N Cable Rd, Lima,OH,45825, Allen]]
